   0  $accept : program $end

   1  program : nombre_program LLAVE_A bloque_sentencias LLAVE_C

   2  nombre_program : ID

   3  bloque_sentencias :
   4                    | bloque_sentencias sentencia

   5  sentencia : sentencia_declarativa PUNTOCOMA
   6            | sentencia_ejecutable PUNTOCOMA
   7            | error

   8  sentencia_declarativa : sentencia_decl_datos
   9                        | sentencia_decl_fun
  10                        | lista_const

  11  sentencia_decl_datos : ID list_var

  12  list_var : list_var COMA ID
  13           | ID

  14  sentencia_decl_fun : FUN ID PARENT_A parametro COMA parametro PARENT_C DOSPUNTOS ID LLAVE_A cuerpo_fun LLAVE_C
  15                     | FUN ID PARENT_A parametro PARENT_C DOSPUNTOS ID LLAVE_A cuerpo_fun LLAVE_C
  16                     | FUN ID PARENT_A PARENT_C DOSPUNTOS ID LLAVE_A cuerpo_fun LLAVE_C
  17                     | FUN ID PARENT_A parametro COMA parametro PARENT_C ID LLAVE_A cuerpo_fun LLAVE_C
  18                     | FUN ID PARENT_A parametro PARENT_C ID LLAVE_A cuerpo_fun LLAVE_C
  19                     | FUN ID PARENT_A PARENT_C ID LLAVE_A cuerpo_fun LLAVE_C
  20                     | FUN ID PARENT_A PARENT_C ID
  21                     | FUN ID PARENT_A parametro COMA parametro PARENT_C DOSPUNTOS LLAVE_A cuerpo_fun LLAVE_C
  22                     | FUN ID PARENT_A parametro PARENT_C DOSPUNTOS LLAVE_A cuerpo_fun LLAVE_C
  23                     | FUN ID PARENT_A PARENT_C DOSPUNTOS LLAVE_A cuerpo_fun LLAVE_C
  24                     | FUN ID PARENT_A PARENT_C DOSPUNTOS
  25                     | FUN ID PARENT_A parametro COMA parametro DOSPUNTOS ID LLAVE_A cuerpo_fun LLAVE_C
  26                     | FUN ID PARENT_A parametro DOSPUNTOS ID LLAVE_A cuerpo_fun LLAVE_C
  27                     | FUN ID PARENT_A DOSPUNTOS ID LLAVE_A cuerpo_fun LLAVE_C
  28                     | FUN ID PARENT_A
  29                     | FUN ID parametro
  30                     | FUN ID parametro COMA parametro PARENT_C DOSPUNTOS ID LLAVE_A cuerpo_fun LLAVE_C
  31                     | FUN ID parametro PARENT_C DOSPUNTOS ID LLAVE_A cuerpo_fun LLAVE_C
  32                     | FUN ID PARENT_C DOSPUNTOS ID LLAVE_A cuerpo_fun LLAVE_C
  33                     | FUN ID
  34                     | FUN

  35  cuerpo_fun :
  36             | cuerpo_fun sentencias_fun PUNTOCOMA

  37  sentencias_fun : sentencia_decl_datos
  38                 | sentencia_decl_fun
  39                 | lista_const
  40                 | asignacion
  41                 | sentencia_if_fun
  42                 | sentencia_out
  43                 | sentencia_when_fun
  44                 | sentencia_for_fun
  45                 | sentencia_while_fun
  46                 | retorno

  47  sentencia_if_fun : IF PARENT_A condicion PARENT_C THEN LLAVE_A cuerpo_fun LLAVE_C ELSE LLAVE_A cuerpo_fun LLAVE_C END_IF
  48                   | IF PARENT_A condicion PARENT_C THEN LLAVE_A cuerpo_fun LLAVE_C END_IF

  49  sentencia_when_fun : WHEN PARENT_A condicion PARENT_C THEN LLAVE_A cuerpo_fun LLAVE_C

  50  sentencia_while_fun : WHILE PARENT_A condicion PARENT_C DOSPUNTOS PARENT_A asignacion PARENT_C LLAVE_A cuerpo_fun_break LLAVE_C
  51                      | ID DOSPUNTOS WHILE PARENT_A condicion PARENT_C DOSPUNTOS PARENT_A asignacion PARENT_C LLAVE_A cuerpo_fun_break LLAVE_C

  52  sentencia_for_fun : FOR PARENT_A encabezado_for PARENT_C LLAVE_A cuerpo_fun_break LLAVE_C
  53                    | ID DOSPUNTOS FOR PARENT_A encabezado_for PARENT_C LLAVE_A cuerpo_fun_break LLAVE_C

  54  cuerpo_fun_break :
  55                   | cuerpo_fun_break sentencias_fun_break

  56  sentencias_fun_break : asignacion
  57                       | sentencia_if_break_fun
  58                       | sentencia_out
  59                       | sentencia_when_fun
  60                       | sentencia_while_fun
  61                       | sentencia_for_fun
  62                       | CONTINUE tag
  63                       | BREAK
  64                       | BREAK cte
  65                       | retorno

  66  sentencia_if_break_fun : IF PARENT_A condicion PARENT_C THEN LLAVE_A cuerpo_fun_break LLAVE_C ELSE LLAVE_A cuerpo_fun_break LLAVE_C END_IF
  67                         | IF PARENT_A condicion PARENT_C THEN LLAVE_A cuerpo_fun_break LLAVE_C END_IF

  68  retorno : RETURN PARENT_A expresion PARENT_C

  69  parametro : ID ID

  70  lista_const : CONST lista_asignacion

  71  lista_asignacion : lista_asignacion COMA asignacion
  72                   | asignacion

  73  sentencia_ejecutable : asignacion
  74                       | sentencia_if
  75                       | sentencia_out
  76                       | sentencia_when
  77                       | sentencia_for
  78                       | sentencia_while

  79  asignacion : ID ASIG expresion

  80  expresion : expresion SUMA termino
  81            | expresion RESTA termino
  82            | termino
  83            | llamado_func
  84            | sentencia_for ELSE cte
  85            | sentencia_while ELSE cte

  86  termino : termino MULT factor
  87          | termino DIV factor
  88          | factor

  89  factor : ID
  90         | cte

  91  cte : I32
  92      | F32
  93      | RESTA I32
  94      | RESTA F32

  95  sentencia_if : IF PARENT_A condicion PARENT_C THEN LLAVE_A bloque_ejecutable LLAVE_C ELSE LLAVE_A bloque_ejecutable LLAVE_C END_IF
  96               | IF PARENT_A condicion PARENT_C THEN LLAVE_A bloque_ejecutable LLAVE_C END_IF

  97  condicion : expresion comparacion expresion

  98  comparacion : IGUAL
  99              | MAYOR
 100              | MENOR
 101              | MENORIGUAL
 102              | MAYORIGUAL

 103  bloque_ejecutable :
 104                    | bloque_ejecutable sentencia_ejecutable

 105  sentencia_out : OUT PARENT_A CADENA PARENT_C

 106  sentencia_when : WHEN PARENT_A condicion PARENT_C THEN LLAVE_A bloque_sentencias LLAVE_C

 107  sentencia_while : WHILE PARENT_A condicion PARENT_C DOSPUNTOS PARENT_A asignacion PARENT_C bloque_break_continue
 108                  | ID DOSPUNTOS WHILE PARENT_A condicion PARENT_C DOSPUNTOS PARENT_A asignacion PARENT_C bloque_break_continue

 109  bloque_break_continue :
 110                        | LLAVE_A bloque_break_continue ejecutables_break_continue LLAVE_C

 111  ejecutables_break_continue : asignacion
 112                             | sentencia_if_break
 113                             | sentencia_out
 114                             | sentencia_when
 115                             | sentencia_while
 116                             | sentencia_for
 117                             | CONTINUE tag
 118                             | BREAK
 119                             | BREAK cte

 120  tag :
 121      | DOSPUNTOS ID

 122  sentencia_if_break : IF PARENT_A condicion PARENT_C THEN bloque_break_continue ELSE bloque_break_continue END_IF
 123                     | IF PARENT_A condicion PARENT_C THEN bloque_break_continue END_IF

 124  sentencia_for : FOR PARENT_A encabezado_for PARENT_C bloque_break_continue
 125                | ID DOSPUNTOS FOR PARENT_A encabezado_for PARENT_C bloque_break_continue

 126  encabezado_for : asignacion PUNTOCOMA condicion PUNTOCOMA SUMA cte
 127                 | asignacion PUNTOCOMA condicion PUNTOCOMA RESTA cte

 128  param_real : cte
 129             | ID

 130  llamado_func : ID PARENT_A param_real COMA param_real PARENT_C
 131               | ID PARENT_A param_real PARENT_C
 132               | ID PARENT_A PARENT_C
 133               | ID PARENT_A param_real COMA param_real error PARENT_C

state 0
	$accept : . program $end  (0)

	ID  shift 1
	.  error

	program  goto 2
	nombre_program  goto 3


state 1
	nombre_program : ID .  (2)

	.  reduce 2


state 2
	$accept : program . $end  (0)

	$end  accept


state 3
	program : nombre_program . LLAVE_A bloque_sentencias LLAVE_C  (1)

	LLAVE_A  shift 4
	.  error


state 4
	program : nombre_program LLAVE_A . bloque_sentencias LLAVE_C  (1)
	bloque_sentencias : .  (3)

	.  reduce 3

	bloque_sentencias  goto 5


state 5
	program : nombre_program LLAVE_A bloque_sentencias . LLAVE_C  (1)
	bloque_sentencias : bloque_sentencias . sentencia  (4)

	error  shift 6
	IF  shift 7
	OUT  shift 8
	FUN  shift 9
	WHEN  shift 10
	WHILE  shift 11
	FOR  shift 12
	ID  shift 13
	LLAVE_C  shift 14
	CONST  shift 15
	.  error

	sentencia  goto 16
	sentencia_declarativa  goto 17
	sentencia_ejecutable  goto 18
	sentencia_decl_datos  goto 19
	sentencia_decl_fun  goto 20
	lista_const  goto 21
	asignacion  goto 22
	sentencia_out  goto 23
	sentencia_if  goto 24
	sentencia_when  goto 25
	sentencia_for  goto 26
	sentencia_while  goto 27


state 6
	sentencia : error .  (7)

	.  reduce 7


state 7
	sentencia_if : IF . PARENT_A condicion PARENT_C THEN LLAVE_A bloque_ejecutable LLAVE_C ELSE LLAVE_A bloque_ejecutable LLAVE_C END_IF  (95)
	sentencia_if : IF . PARENT_A condicion PARENT_C THEN LLAVE_A bloque_ejecutable LLAVE_C END_IF  (96)

	PARENT_A  shift 28
	.  error


state 8
	sentencia_out : OUT . PARENT_A CADENA PARENT_C  (105)

	PARENT_A  shift 29
	.  error


state 9
	sentencia_decl_fun : FUN . ID PARENT_A parametro COMA parametro PARENT_C DOSPUNTOS ID LLAVE_A cuerpo_fun LLAVE_C  (14)
	sentencia_decl_fun : FUN . ID PARENT_A parametro PARENT_C DOSPUNTOS ID LLAVE_A cuerpo_fun LLAVE_C  (15)
	sentencia_decl_fun : FUN . ID PARENT_A PARENT_C DOSPUNTOS ID LLAVE_A cuerpo_fun LLAVE_C  (16)
	sentencia_decl_fun : FUN . ID PARENT_A parametro COMA parametro PARENT_C ID LLAVE_A cuerpo_fun LLAVE_C  (17)
	sentencia_decl_fun : FUN . ID PARENT_A parametro PARENT_C ID LLAVE_A cuerpo_fun LLAVE_C  (18)
	sentencia_decl_fun : FUN . ID PARENT_A PARENT_C ID LLAVE_A cuerpo_fun LLAVE_C  (19)
	sentencia_decl_fun : FUN . ID PARENT_A PARENT_C ID  (20)
	sentencia_decl_fun : FUN . ID PARENT_A parametro COMA parametro PARENT_C DOSPUNTOS LLAVE_A cuerpo_fun LLAVE_C  (21)
	sentencia_decl_fun : FUN . ID PARENT_A parametro PARENT_C DOSPUNTOS LLAVE_A cuerpo_fun LLAVE_C  (22)
	sentencia_decl_fun : FUN . ID PARENT_A PARENT_C DOSPUNTOS LLAVE_A cuerpo_fun LLAVE_C  (23)
	sentencia_decl_fun : FUN . ID PARENT_A PARENT_C DOSPUNTOS  (24)
	sentencia_decl_fun : FUN . ID PARENT_A parametro COMA parametro DOSPUNTOS ID LLAVE_A cuerpo_fun LLAVE_C  (25)
	sentencia_decl_fun : FUN . ID PARENT_A parametro DOSPUNTOS ID LLAVE_A cuerpo_fun LLAVE_C  (26)
	sentencia_decl_fun : FUN . ID PARENT_A DOSPUNTOS ID LLAVE_A cuerpo_fun LLAVE_C  (27)
	sentencia_decl_fun : FUN . ID PARENT_A  (28)
	sentencia_decl_fun : FUN . ID parametro  (29)
	sentencia_decl_fun : FUN . ID parametro COMA parametro PARENT_C DOSPUNTOS ID LLAVE_A cuerpo_fun LLAVE_C  (30)
	sentencia_decl_fun : FUN . ID parametro PARENT_C DOSPUNTOS ID LLAVE_A cuerpo_fun LLAVE_C  (31)
	sentencia_decl_fun : FUN . ID PARENT_C DOSPUNTOS ID LLAVE_A cuerpo_fun LLAVE_C  (32)
	sentencia_decl_fun : FUN . ID  (33)
	sentencia_decl_fun : FUN .  (34)

	ID  shift 30
	PUNTOCOMA  reduce 34


state 10
	sentencia_when : WHEN . PARENT_A condicion PARENT_C THEN LLAVE_A bloque_sentencias LLAVE_C  (106)

	PARENT_A  shift 31
	.  error


state 11
	sentencia_while : WHILE . PARENT_A condicion PARENT_C DOSPUNTOS PARENT_A asignacion PARENT_C bloque_break_continue  (107)

	PARENT_A  shift 32
	.  error


state 12
	sentencia_for : FOR . PARENT_A encabezado_for PARENT_C bloque_break_continue  (124)

	PARENT_A  shift 33
	.  error


state 13
	sentencia_decl_datos : ID . list_var  (11)
	asignacion : ID . ASIG expresion  (79)
	sentencia_while : ID . DOSPUNTOS WHILE PARENT_A condicion PARENT_C DOSPUNTOS PARENT_A asignacion PARENT_C bloque_break_continue  (108)
	sentencia_for : ID . DOSPUNTOS FOR PARENT_A encabezado_for PARENT_C bloque_break_continue  (125)

	ID  shift 34
	DOSPUNTOS  shift 35
	ASIG  shift 36
	.  error

	list_var  goto 37


state 14
	program : nombre_program LLAVE_A bloque_sentencias LLAVE_C .  (1)

	.  reduce 1


state 15
	lista_const : CONST . lista_asignacion  (70)

	ID  shift 38
	.  error

	asignacion  goto 39
	lista_asignacion  goto 40


state 16
	bloque_sentencias : bloque_sentencias sentencia .  (4)

	.  reduce 4


state 17
	sentencia : sentencia_declarativa . PUNTOCOMA  (5)

	PUNTOCOMA  shift 41
	.  error


state 18
	sentencia : sentencia_ejecutable . PUNTOCOMA  (6)

	PUNTOCOMA  shift 42
	.  error


state 19
	sentencia_declarativa : sentencia_decl_datos .  (8)

	.  reduce 8


state 20
	sentencia_declarativa : sentencia_decl_fun .  (9)

	.  reduce 9


state 21
	sentencia_declarativa : lista_const .  (10)

	.  reduce 10


state 22
	sentencia_ejecutable : asignacion .  (73)

	.  reduce 73


state 23
	sentencia_ejecutable : sentencia_out .  (75)

	.  reduce 75


state 24
	sentencia_ejecutable : sentencia_if .  (74)

	.  reduce 74


state 25
	sentencia_ejecutable : sentencia_when .  (76)

	.  reduce 76


state 26
	sentencia_ejecutable : sentencia_for .  (77)

	.  reduce 77


state 27
	sentencia_ejecutable : sentencia_while .  (78)

	.  reduce 78


state 28
	sentencia_if : IF PARENT_A . condicion PARENT_C THEN LLAVE_A bloque_ejecutable LLAVE_C ELSE LLAVE_A bloque_ejecutable LLAVE_C END_IF  (95)
	sentencia_if : IF PARENT_A . condicion PARENT_C THEN LLAVE_A bloque_ejecutable LLAVE_C END_IF  (96)

	WHILE  shift 11
	FOR  shift 12
	ID  shift 43
	I32  shift 44
	F32  shift 45
	RESTA  shift 46
	.  error

	condicion  goto 47
	cte  goto 48
	expresion  goto 49
	sentencia_for  goto 50
	sentencia_while  goto 51
	termino  goto 52
	llamado_func  goto 53
	factor  goto 54


state 29
	sentencia_out : OUT PARENT_A . CADENA PARENT_C  (105)

	CADENA  shift 55
	.  error


state 30
	sentencia_decl_fun : FUN ID . PARENT_A parametro COMA parametro PARENT_C DOSPUNTOS ID LLAVE_A cuerpo_fun LLAVE_C  (14)
	sentencia_decl_fun : FUN ID . PARENT_A parametro PARENT_C DOSPUNTOS ID LLAVE_A cuerpo_fun LLAVE_C  (15)
	sentencia_decl_fun : FUN ID . PARENT_A PARENT_C DOSPUNTOS ID LLAVE_A cuerpo_fun LLAVE_C  (16)
	sentencia_decl_fun : FUN ID . PARENT_A parametro COMA parametro PARENT_C ID LLAVE_A cuerpo_fun LLAVE_C  (17)
	sentencia_decl_fun : FUN ID . PARENT_A parametro PARENT_C ID LLAVE_A cuerpo_fun LLAVE_C  (18)
	sentencia_decl_fun : FUN ID . PARENT_A PARENT_C ID LLAVE_A cuerpo_fun LLAVE_C  (19)
	sentencia_decl_fun : FUN ID . PARENT_A PARENT_C ID  (20)
	sentencia_decl_fun : FUN ID . PARENT_A parametro COMA parametro PARENT_C DOSPUNTOS LLAVE_A cuerpo_fun LLAVE_C  (21)
	sentencia_decl_fun : FUN ID . PARENT_A parametro PARENT_C DOSPUNTOS LLAVE_A cuerpo_fun LLAVE_C  (22)
	sentencia_decl_fun : FUN ID . PARENT_A PARENT_C DOSPUNTOS LLAVE_A cuerpo_fun LLAVE_C  (23)
	sentencia_decl_fun : FUN ID . PARENT_A PARENT_C DOSPUNTOS  (24)
	sentencia_decl_fun : FUN ID . PARENT_A parametro COMA parametro DOSPUNTOS ID LLAVE_A cuerpo_fun LLAVE_C  (25)
	sentencia_decl_fun : FUN ID . PARENT_A parametro DOSPUNTOS ID LLAVE_A cuerpo_fun LLAVE_C  (26)
	sentencia_decl_fun : FUN ID . PARENT_A DOSPUNTOS ID LLAVE_A cuerpo_fun LLAVE_C  (27)
	sentencia_decl_fun : FUN ID . PARENT_A  (28)
	sentencia_decl_fun : FUN ID . parametro  (29)
	sentencia_decl_fun : FUN ID . parametro COMA parametro PARENT_C DOSPUNTOS ID LLAVE_A cuerpo_fun LLAVE_C  (30)
	sentencia_decl_fun : FUN ID . parametro PARENT_C DOSPUNTOS ID LLAVE_A cuerpo_fun LLAVE_C  (31)
	sentencia_decl_fun : FUN ID . PARENT_C DOSPUNTOS ID LLAVE_A cuerpo_fun LLAVE_C  (32)
	sentencia_decl_fun : FUN ID .  (33)

	ID  shift 56
	PARENT_A  shift 57
	PARENT_C  shift 58
	PUNTOCOMA  reduce 33

	parametro  goto 59


state 31
	sentencia_when : WHEN PARENT_A . condicion PARENT_C THEN LLAVE_A bloque_sentencias LLAVE_C  (106)

	WHILE  shift 11
	FOR  shift 12
	ID  shift 43
	I32  shift 44
	F32  shift 45
	RESTA  shift 46
	.  error

	condicion  goto 60
	cte  goto 48
	expresion  goto 49
	sentencia_for  goto 50
	sentencia_while  goto 51
	termino  goto 52
	llamado_func  goto 53
	factor  goto 54


state 32
	sentencia_while : WHILE PARENT_A . condicion PARENT_C DOSPUNTOS PARENT_A asignacion PARENT_C bloque_break_continue  (107)

	WHILE  shift 11
	FOR  shift 12
	ID  shift 43
	I32  shift 44
	F32  shift 45
	RESTA  shift 46
	.  error

	condicion  goto 61
	cte  goto 48
	expresion  goto 49
	sentencia_for  goto 50
	sentencia_while  goto 51
	termino  goto 52
	llamado_func  goto 53
	factor  goto 54


state 33
	sentencia_for : FOR PARENT_A . encabezado_for PARENT_C bloque_break_continue  (124)

	ID  shift 38
	.  error

	asignacion  goto 62
	encabezado_for  goto 63


state 34
	list_var : ID .  (13)

	.  reduce 13


state 35
	sentencia_while : ID DOSPUNTOS . WHILE PARENT_A condicion PARENT_C DOSPUNTOS PARENT_A asignacion PARENT_C bloque_break_continue  (108)
	sentencia_for : ID DOSPUNTOS . FOR PARENT_A encabezado_for PARENT_C bloque_break_continue  (125)

	WHILE  shift 64
	FOR  shift 65
	.  error


state 36
	asignacion : ID ASIG . expresion  (79)

	WHILE  shift 11
	FOR  shift 12
	ID  shift 43
	I32  shift 44
	F32  shift 45
	RESTA  shift 46
	.  error

	cte  goto 48
	expresion  goto 66
	sentencia_for  goto 50
	sentencia_while  goto 51
	termino  goto 52
	llamado_func  goto 53
	factor  goto 54


state 37
	sentencia_decl_datos : ID list_var .  (11)
	list_var : list_var . COMA ID  (12)

	COMA  shift 67
	PUNTOCOMA  reduce 11


state 38
	asignacion : ID . ASIG expresion  (79)

	ASIG  shift 36
	.  error


state 39
	lista_asignacion : asignacion .  (72)

	.  reduce 72


state 40
	lista_const : CONST lista_asignacion .  (70)
	lista_asignacion : lista_asignacion . COMA asignacion  (71)

	COMA  shift 68
	PUNTOCOMA  reduce 70


state 41
	sentencia : sentencia_declarativa PUNTOCOMA .  (5)

	.  reduce 5


state 42
	sentencia : sentencia_ejecutable PUNTOCOMA .  (6)

	.  reduce 6


state 43
	factor : ID .  (89)
	sentencia_while : ID . DOSPUNTOS WHILE PARENT_A condicion PARENT_C DOSPUNTOS PARENT_A asignacion PARENT_C bloque_break_continue  (108)
	sentencia_for : ID . DOSPUNTOS FOR PARENT_A encabezado_for PARENT_C bloque_break_continue  (125)
	llamado_func : ID . PARENT_A param_real COMA param_real PARENT_C  (130)
	llamado_func : ID . PARENT_A param_real PARENT_C  (131)
	llamado_func : ID . PARENT_A PARENT_C  (132)
	llamado_func : ID . PARENT_A param_real COMA param_real error PARENT_C  (133)

	PARENT_A  shift 69
	DOSPUNTOS  shift 35
	IF  reduce 89
	OUT  reduce 89
	RETURN  reduce 89
	BREAK  reduce 89
	WHEN  reduce 89
	WHILE  reduce 89
	FOR  reduce 89
	CONTINUE  reduce 89
	ID  reduce 89
	PARENT_C  reduce 89
	COMA  reduce 89
	PUNTOCOMA  reduce 89
	IGUAL  reduce 89
	MAYOR  reduce 89
	MENOR  reduce 89
	MENORIGUAL  reduce 89
	MAYORIGUAL  reduce 89
	LLAVE_C  reduce 89
	SUMA  reduce 89
	RESTA  reduce 89
	MULT  reduce 89
	DIV  reduce 89


state 44
	cte : I32 .  (91)

	.  reduce 91


state 45
	cte : F32 .  (92)

	.  reduce 92


state 46
	cte : RESTA . I32  (93)
	cte : RESTA . F32  (94)

	I32  shift 70
	F32  shift 71
	.  error


state 47
	sentencia_if : IF PARENT_A condicion . PARENT_C THEN LLAVE_A bloque_ejecutable LLAVE_C ELSE LLAVE_A bloque_ejecutable LLAVE_C END_IF  (95)
	sentencia_if : IF PARENT_A condicion . PARENT_C THEN LLAVE_A bloque_ejecutable LLAVE_C END_IF  (96)

	PARENT_C  shift 72
	.  error


state 48
	factor : cte .  (90)

	.  reduce 90


state 49
	expresion : expresion . SUMA termino  (80)
	expresion : expresion . RESTA termino  (81)
	condicion : expresion . comparacion expresion  (97)

	IGUAL  shift 73
	MAYOR  shift 74
	MENOR  shift 75
	MENORIGUAL  shift 76
	MAYORIGUAL  shift 77
	SUMA  shift 78
	RESTA  shift 79
	.  error

	comparacion  goto 80


state 50
	expresion : sentencia_for . ELSE cte  (84)

	ELSE  shift 81
	.  error


state 51
	expresion : sentencia_while . ELSE cte  (85)

	ELSE  shift 82
	.  error


state 52
	expresion : termino .  (82)
	termino : termino . MULT factor  (86)
	termino : termino . DIV factor  (87)

	MULT  shift 83
	DIV  shift 84
	IF  reduce 82
	OUT  reduce 82
	RETURN  reduce 82
	BREAK  reduce 82
	WHEN  reduce 82
	WHILE  reduce 82
	FOR  reduce 82
	CONTINUE  reduce 82
	ID  reduce 82
	PARENT_C  reduce 82
	COMA  reduce 82
	PUNTOCOMA  reduce 82
	IGUAL  reduce 82
	MAYOR  reduce 82
	MENOR  reduce 82
	MENORIGUAL  reduce 82
	MAYORIGUAL  reduce 82
	LLAVE_C  reduce 82
	SUMA  reduce 82
	RESTA  reduce 82


state 53
	expresion : llamado_func .  (83)

	.  reduce 83


state 54
	termino : factor .  (88)

	.  reduce 88


state 55
	sentencia_out : OUT PARENT_A CADENA . PARENT_C  (105)

	PARENT_C  shift 85
	.  error


state 56
	parametro : ID . ID  (69)

	ID  shift 86
	.  error


state 57
	sentencia_decl_fun : FUN ID PARENT_A . parametro COMA parametro PARENT_C DOSPUNTOS ID LLAVE_A cuerpo_fun LLAVE_C  (14)
	sentencia_decl_fun : FUN ID PARENT_A . parametro PARENT_C DOSPUNTOS ID LLAVE_A cuerpo_fun LLAVE_C  (15)
	sentencia_decl_fun : FUN ID PARENT_A . PARENT_C DOSPUNTOS ID LLAVE_A cuerpo_fun LLAVE_C  (16)
	sentencia_decl_fun : FUN ID PARENT_A . parametro COMA parametro PARENT_C ID LLAVE_A cuerpo_fun LLAVE_C  (17)
	sentencia_decl_fun : FUN ID PARENT_A . parametro PARENT_C ID LLAVE_A cuerpo_fun LLAVE_C  (18)
	sentencia_decl_fun : FUN ID PARENT_A . PARENT_C ID LLAVE_A cuerpo_fun LLAVE_C  (19)
	sentencia_decl_fun : FUN ID PARENT_A . PARENT_C ID  (20)
	sentencia_decl_fun : FUN ID PARENT_A . parametro COMA parametro PARENT_C DOSPUNTOS LLAVE_A cuerpo_fun LLAVE_C  (21)
	sentencia_decl_fun : FUN ID PARENT_A . parametro PARENT_C DOSPUNTOS LLAVE_A cuerpo_fun LLAVE_C  (22)
	sentencia_decl_fun : FUN ID PARENT_A . PARENT_C DOSPUNTOS LLAVE_A cuerpo_fun LLAVE_C  (23)
	sentencia_decl_fun : FUN ID PARENT_A . PARENT_C DOSPUNTOS  (24)
	sentencia_decl_fun : FUN ID PARENT_A . parametro COMA parametro DOSPUNTOS ID LLAVE_A cuerpo_fun LLAVE_C  (25)
	sentencia_decl_fun : FUN ID PARENT_A . parametro DOSPUNTOS ID LLAVE_A cuerpo_fun LLAVE_C  (26)
	sentencia_decl_fun : FUN ID PARENT_A . DOSPUNTOS ID LLAVE_A cuerpo_fun LLAVE_C  (27)
	sentencia_decl_fun : FUN ID PARENT_A .  (28)

	ID  shift 56
	PARENT_C  shift 87
	DOSPUNTOS  shift 88
	PUNTOCOMA  reduce 28

	parametro  goto 89


state 58
	sentencia_decl_fun : FUN ID PARENT_C . DOSPUNTOS ID LLAVE_A cuerpo_fun LLAVE_C  (32)

	DOSPUNTOS  shift 90
	.  error


state 59
	sentencia_decl_fun : FUN ID parametro .  (29)
	sentencia_decl_fun : FUN ID parametro . COMA parametro PARENT_C DOSPUNTOS ID LLAVE_A cuerpo_fun LLAVE_C  (30)
	sentencia_decl_fun : FUN ID parametro . PARENT_C DOSPUNTOS ID LLAVE_A cuerpo_fun LLAVE_C  (31)

	PARENT_C  shift 91
	COMA  shift 92
	PUNTOCOMA  reduce 29


state 60
	sentencia_when : WHEN PARENT_A condicion . PARENT_C THEN LLAVE_A bloque_sentencias LLAVE_C  (106)

	PARENT_C  shift 93
	.  error


state 61
	sentencia_while : WHILE PARENT_A condicion . PARENT_C DOSPUNTOS PARENT_A asignacion PARENT_C bloque_break_continue  (107)

	PARENT_C  shift 94
	.  error


state 62
	encabezado_for : asignacion . PUNTOCOMA condicion PUNTOCOMA SUMA cte  (126)
	encabezado_for : asignacion . PUNTOCOMA condicion PUNTOCOMA RESTA cte  (127)

	PUNTOCOMA  shift 95
	.  error


state 63
	sentencia_for : FOR PARENT_A encabezado_for . PARENT_C bloque_break_continue  (124)

	PARENT_C  shift 96
	.  error


state 64
	sentencia_while : ID DOSPUNTOS WHILE . PARENT_A condicion PARENT_C DOSPUNTOS PARENT_A asignacion PARENT_C bloque_break_continue  (108)

	PARENT_A  shift 97
	.  error


state 65
	sentencia_for : ID DOSPUNTOS FOR . PARENT_A encabezado_for PARENT_C bloque_break_continue  (125)

	PARENT_A  shift 98
	.  error


state 66
	asignacion : ID ASIG expresion .  (79)
	expresion : expresion . SUMA termino  (80)
	expresion : expresion . RESTA termino  (81)

	SUMA  shift 78
	RESTA  shift 79
	IF  reduce 79
	OUT  reduce 79
	RETURN  reduce 79
	BREAK  reduce 79
	WHEN  reduce 79
	WHILE  reduce 79
	FOR  reduce 79
	CONTINUE  reduce 79
	ID  reduce 79
	PARENT_C  reduce 79
	COMA  reduce 79
	PUNTOCOMA  reduce 79
	LLAVE_C  reduce 79


state 67
	list_var : list_var COMA . ID  (12)

	ID  shift 99
	.  error


state 68
	lista_asignacion : lista_asignacion COMA . asignacion  (71)

	ID  shift 38
	.  error

	asignacion  goto 100


state 69
	llamado_func : ID PARENT_A . param_real COMA param_real PARENT_C  (130)
	llamado_func : ID PARENT_A . param_real PARENT_C  (131)
	llamado_func : ID PARENT_A . PARENT_C  (132)
	llamado_func : ID PARENT_A . param_real COMA param_real error PARENT_C  (133)

	ID  shift 101
	I32  shift 44
	F32  shift 45
	PARENT_C  shift 102
	RESTA  shift 46
	.  error

	cte  goto 103
	param_real  goto 104


state 70
	cte : RESTA I32 .  (93)

	.  reduce 93


state 71
	cte : RESTA F32 .  (94)

	.  reduce 94


state 72
	sentencia_if : IF PARENT_A condicion PARENT_C . THEN LLAVE_A bloque_ejecutable LLAVE_C ELSE LLAVE_A bloque_ejecutable LLAVE_C END_IF  (95)
	sentencia_if : IF PARENT_A condicion PARENT_C . THEN LLAVE_A bloque_ejecutable LLAVE_C END_IF  (96)

	THEN  shift 105
	.  error


state 73
	comparacion : IGUAL .  (98)

	.  reduce 98


state 74
	comparacion : MAYOR .  (99)

	.  reduce 99


state 75
	comparacion : MENOR .  (100)

	.  reduce 100


state 76
	comparacion : MENORIGUAL .  (101)

	.  reduce 101


state 77
	comparacion : MAYORIGUAL .  (102)

	.  reduce 102


state 78
	expresion : expresion SUMA . termino  (80)

	ID  shift 106
	I32  shift 44
	F32  shift 45
	RESTA  shift 46
	.  error

	cte  goto 48
	termino  goto 107
	factor  goto 54


state 79
	expresion : expresion RESTA . termino  (81)

	ID  shift 106
	I32  shift 44
	F32  shift 45
	RESTA  shift 46
	.  error

	cte  goto 48
	termino  goto 108
	factor  goto 54


state 80
	condicion : expresion comparacion . expresion  (97)

	WHILE  shift 11
	FOR  shift 12
	ID  shift 43
	I32  shift 44
	F32  shift 45
	RESTA  shift 46
	.  error

	cte  goto 48
	expresion  goto 109
	sentencia_for  goto 50
	sentencia_while  goto 51
	termino  goto 52
	llamado_func  goto 53
	factor  goto 54


state 81
	expresion : sentencia_for ELSE . cte  (84)

	I32  shift 44
	F32  shift 45
	RESTA  shift 46
	.  error

	cte  goto 110


state 82
	expresion : sentencia_while ELSE . cte  (85)

	I32  shift 44
	F32  shift 45
	RESTA  shift 46
	.  error

	cte  goto 111


state 83
	termino : termino MULT . factor  (86)

	ID  shift 106
	I32  shift 44
	F32  shift 45
	RESTA  shift 46
	.  error

	cte  goto 48
	factor  goto 112


state 84
	termino : termino DIV . factor  (87)

	ID  shift 106
	I32  shift 44
	F32  shift 45
	RESTA  shift 46
	.  error

	cte  goto 48
	factor  goto 113


state 85
	sentencia_out : OUT PARENT_A CADENA PARENT_C .  (105)

	.  reduce 105


state 86
	parametro : ID ID .  (69)

	.  reduce 69


state 87
	sentencia_decl_fun : FUN ID PARENT_A PARENT_C . DOSPUNTOS ID LLAVE_A cuerpo_fun LLAVE_C  (16)
	sentencia_decl_fun : FUN ID PARENT_A PARENT_C . ID LLAVE_A cuerpo_fun LLAVE_C  (19)
	sentencia_decl_fun : FUN ID PARENT_A PARENT_C . ID  (20)
	sentencia_decl_fun : FUN ID PARENT_A PARENT_C . DOSPUNTOS LLAVE_A cuerpo_fun LLAVE_C  (23)
	sentencia_decl_fun : FUN ID PARENT_A PARENT_C . DOSPUNTOS  (24)

	ID  shift 114
	DOSPUNTOS  shift 115
	.  error


state 88
	sentencia_decl_fun : FUN ID PARENT_A DOSPUNTOS . ID LLAVE_A cuerpo_fun LLAVE_C  (27)

	ID  shift 116
	.  error


state 89
	sentencia_decl_fun : FUN ID PARENT_A parametro . COMA parametro PARENT_C DOSPUNTOS ID LLAVE_A cuerpo_fun LLAVE_C  (14)
	sentencia_decl_fun : FUN ID PARENT_A parametro . PARENT_C DOSPUNTOS ID LLAVE_A cuerpo_fun LLAVE_C  (15)
	sentencia_decl_fun : FUN ID PARENT_A parametro . COMA parametro PARENT_C ID LLAVE_A cuerpo_fun LLAVE_C  (17)
	sentencia_decl_fun : FUN ID PARENT_A parametro . PARENT_C ID LLAVE_A cuerpo_fun LLAVE_C  (18)
	sentencia_decl_fun : FUN ID PARENT_A parametro . COMA parametro PARENT_C DOSPUNTOS LLAVE_A cuerpo_fun LLAVE_C  (21)
	sentencia_decl_fun : FUN ID PARENT_A parametro . PARENT_C DOSPUNTOS LLAVE_A cuerpo_fun LLAVE_C  (22)
	sentencia_decl_fun : FUN ID PARENT_A parametro . COMA parametro DOSPUNTOS ID LLAVE_A cuerpo_fun LLAVE_C  (25)
	sentencia_decl_fun : FUN ID PARENT_A parametro . DOSPUNTOS ID LLAVE_A cuerpo_fun LLAVE_C  (26)

	PARENT_C  shift 117
	COMA  shift 118
	DOSPUNTOS  shift 119
	.  error


state 90
	sentencia_decl_fun : FUN ID PARENT_C DOSPUNTOS . ID LLAVE_A cuerpo_fun LLAVE_C  (32)

	ID  shift 120
	.  error


state 91
	sentencia_decl_fun : FUN ID parametro PARENT_C . DOSPUNTOS ID LLAVE_A cuerpo_fun LLAVE_C  (31)

	DOSPUNTOS  shift 121
	.  error


state 92
	sentencia_decl_fun : FUN ID parametro COMA . parametro PARENT_C DOSPUNTOS ID LLAVE_A cuerpo_fun LLAVE_C  (30)

	ID  shift 56
	.  error

	parametro  goto 122


state 93
	sentencia_when : WHEN PARENT_A condicion PARENT_C . THEN LLAVE_A bloque_sentencias LLAVE_C  (106)

	THEN  shift 123
	.  error


state 94
	sentencia_while : WHILE PARENT_A condicion PARENT_C . DOSPUNTOS PARENT_A asignacion PARENT_C bloque_break_continue  (107)

	DOSPUNTOS  shift 124
	.  error


state 95
	encabezado_for : asignacion PUNTOCOMA . condicion PUNTOCOMA SUMA cte  (126)
	encabezado_for : asignacion PUNTOCOMA . condicion PUNTOCOMA RESTA cte  (127)

	WHILE  shift 11
	FOR  shift 12
	ID  shift 43
	I32  shift 44
	F32  shift 45
	RESTA  shift 46
	.  error

	condicion  goto 125
	cte  goto 48
	expresion  goto 49
	sentencia_for  goto 50
	sentencia_while  goto 51
	termino  goto 52
	llamado_func  goto 53
	factor  goto 54


state 96
	sentencia_for : FOR PARENT_A encabezado_for PARENT_C . bloque_break_continue  (124)
	bloque_break_continue : .  (109)

	LLAVE_A  shift 126
	IF  reduce 109
	ELSE  reduce 109
	OUT  reduce 109
	WHEN  reduce 109
	WHILE  reduce 109
	FOR  reduce 109
	ID  reduce 109
	PUNTOCOMA  reduce 109
	LLAVE_C  reduce 109

	bloque_break_continue  goto 127


state 97
	sentencia_while : ID DOSPUNTOS WHILE PARENT_A . condicion PARENT_C DOSPUNTOS PARENT_A asignacion PARENT_C bloque_break_continue  (108)

	WHILE  shift 11
	FOR  shift 12
	ID  shift 43
	I32  shift 44
	F32  shift 45
	RESTA  shift 46
	.  error

	condicion  goto 128
	cte  goto 48
	expresion  goto 49
	sentencia_for  goto 50
	sentencia_while  goto 51
	termino  goto 52
	llamado_func  goto 53
	factor  goto 54


state 98
	sentencia_for : ID DOSPUNTOS FOR PARENT_A . encabezado_for PARENT_C bloque_break_continue  (125)

	ID  shift 38
	.  error

	asignacion  goto 62
	encabezado_for  goto 129


state 99
	list_var : list_var COMA ID .  (12)

	.  reduce 12


state 100
	lista_asignacion : lista_asignacion COMA asignacion .  (71)

	.  reduce 71


state 101
	param_real : ID .  (129)

	.  reduce 129


state 102
	llamado_func : ID PARENT_A PARENT_C .  (132)

	.  reduce 132


state 103
	param_real : cte .  (128)

	.  reduce 128


state 104
	llamado_func : ID PARENT_A param_real . COMA param_real PARENT_C  (130)
	llamado_func : ID PARENT_A param_real . PARENT_C  (131)
	llamado_func : ID PARENT_A param_real . COMA param_real error PARENT_C  (133)

	PARENT_C  shift 130
	COMA  shift 131
	.  error


state 105
	sentencia_if : IF PARENT_A condicion PARENT_C THEN . LLAVE_A bloque_ejecutable LLAVE_C ELSE LLAVE_A bloque_ejecutable LLAVE_C END_IF  (95)
	sentencia_if : IF PARENT_A condicion PARENT_C THEN . LLAVE_A bloque_ejecutable LLAVE_C END_IF  (96)

	LLAVE_A  shift 132
	.  error


state 106
	factor : ID .  (89)

	.  reduce 89


state 107
	expresion : expresion SUMA termino .  (80)
	termino : termino . MULT factor  (86)
	termino : termino . DIV factor  (87)

	MULT  shift 83
	DIV  shift 84
	IF  reduce 80
	OUT  reduce 80
	RETURN  reduce 80
	BREAK  reduce 80
	WHEN  reduce 80
	WHILE  reduce 80
	FOR  reduce 80
	CONTINUE  reduce 80
	ID  reduce 80
	PARENT_C  reduce 80
	COMA  reduce 80
	PUNTOCOMA  reduce 80
	IGUAL  reduce 80
	MAYOR  reduce 80
	MENOR  reduce 80
	MENORIGUAL  reduce 80
	MAYORIGUAL  reduce 80
	LLAVE_C  reduce 80
	SUMA  reduce 80
	RESTA  reduce 80


state 108
	expresion : expresion RESTA termino .  (81)
	termino : termino . MULT factor  (86)
	termino : termino . DIV factor  (87)

	MULT  shift 83
	DIV  shift 84
	IF  reduce 81
	OUT  reduce 81
	RETURN  reduce 81
	BREAK  reduce 81
	WHEN  reduce 81
	WHILE  reduce 81
	FOR  reduce 81
	CONTINUE  reduce 81
	ID  reduce 81
	PARENT_C  reduce 81
	COMA  reduce 81
	PUNTOCOMA  reduce 81
	IGUAL  reduce 81
	MAYOR  reduce 81
	MENOR  reduce 81
	MENORIGUAL  reduce 81
	MAYORIGUAL  reduce 81
	LLAVE_C  reduce 81
	SUMA  reduce 81
	RESTA  reduce 81


state 109
	expresion : expresion . SUMA termino  (80)
	expresion : expresion . RESTA termino  (81)
	condicion : expresion comparacion expresion .  (97)

	SUMA  shift 78
	RESTA  shift 79
	PARENT_C  reduce 97
	PUNTOCOMA  reduce 97


state 110
	expresion : sentencia_for ELSE cte .  (84)

	.  reduce 84


state 111
	expresion : sentencia_while ELSE cte .  (85)

	.  reduce 85


state 112
	termino : termino MULT factor .  (86)

	.  reduce 86


state 113
	termino : termino DIV factor .  (87)

	.  reduce 87


state 114
	sentencia_decl_fun : FUN ID PARENT_A PARENT_C ID . LLAVE_A cuerpo_fun LLAVE_C  (19)
	sentencia_decl_fun : FUN ID PARENT_A PARENT_C ID .  (20)

	LLAVE_A  shift 133
	PUNTOCOMA  reduce 20


state 115
	sentencia_decl_fun : FUN ID PARENT_A PARENT_C DOSPUNTOS . ID LLAVE_A cuerpo_fun LLAVE_C  (16)
	sentencia_decl_fun : FUN ID PARENT_A PARENT_C DOSPUNTOS . LLAVE_A cuerpo_fun LLAVE_C  (23)
	sentencia_decl_fun : FUN ID PARENT_A PARENT_C DOSPUNTOS .  (24)

	ID  shift 134
	LLAVE_A  shift 135
	PUNTOCOMA  reduce 24


state 116
	sentencia_decl_fun : FUN ID PARENT_A DOSPUNTOS ID . LLAVE_A cuerpo_fun LLAVE_C  (27)

	LLAVE_A  shift 136
	.  error


state 117
	sentencia_decl_fun : FUN ID PARENT_A parametro PARENT_C . DOSPUNTOS ID LLAVE_A cuerpo_fun LLAVE_C  (15)
	sentencia_decl_fun : FUN ID PARENT_A parametro PARENT_C . ID LLAVE_A cuerpo_fun LLAVE_C  (18)
	sentencia_decl_fun : FUN ID PARENT_A parametro PARENT_C . DOSPUNTOS LLAVE_A cuerpo_fun LLAVE_C  (22)

	ID  shift 137
	DOSPUNTOS  shift 138
	.  error


state 118
	sentencia_decl_fun : FUN ID PARENT_A parametro COMA . parametro PARENT_C DOSPUNTOS ID LLAVE_A cuerpo_fun LLAVE_C  (14)
	sentencia_decl_fun : FUN ID PARENT_A parametro COMA . parametro PARENT_C ID LLAVE_A cuerpo_fun LLAVE_C  (17)
	sentencia_decl_fun : FUN ID PARENT_A parametro COMA . parametro PARENT_C DOSPUNTOS LLAVE_A cuerpo_fun LLAVE_C  (21)
	sentencia_decl_fun : FUN ID PARENT_A parametro COMA . parametro DOSPUNTOS ID LLAVE_A cuerpo_fun LLAVE_C  (25)

	ID  shift 56
	.  error

	parametro  goto 139


state 119
	sentencia_decl_fun : FUN ID PARENT_A parametro DOSPUNTOS . ID LLAVE_A cuerpo_fun LLAVE_C  (26)

	ID  shift 140
	.  error


state 120
	sentencia_decl_fun : FUN ID PARENT_C DOSPUNTOS ID . LLAVE_A cuerpo_fun LLAVE_C  (32)

	LLAVE_A  shift 141
	.  error


state 121
	sentencia_decl_fun : FUN ID parametro PARENT_C DOSPUNTOS . ID LLAVE_A cuerpo_fun LLAVE_C  (31)

	ID  shift 142
	.  error


state 122
	sentencia_decl_fun : FUN ID parametro COMA parametro . PARENT_C DOSPUNTOS ID LLAVE_A cuerpo_fun LLAVE_C  (30)

	PARENT_C  shift 143
	.  error


state 123
	sentencia_when : WHEN PARENT_A condicion PARENT_C THEN . LLAVE_A bloque_sentencias LLAVE_C  (106)

	LLAVE_A  shift 144
	.  error


state 124
	sentencia_while : WHILE PARENT_A condicion PARENT_C DOSPUNTOS . PARENT_A asignacion PARENT_C bloque_break_continue  (107)

	PARENT_A  shift 145
	.  error


state 125
	encabezado_for : asignacion PUNTOCOMA condicion . PUNTOCOMA SUMA cte  (126)
	encabezado_for : asignacion PUNTOCOMA condicion . PUNTOCOMA RESTA cte  (127)

	PUNTOCOMA  shift 146
	.  error


state 126
	bloque_break_continue : LLAVE_A . bloque_break_continue ejecutables_break_continue LLAVE_C  (110)
	bloque_break_continue : .  (109)

	LLAVE_A  shift 126
	IF  reduce 109
	OUT  reduce 109
	BREAK  reduce 109
	WHEN  reduce 109
	WHILE  reduce 109
	FOR  reduce 109
	CONTINUE  reduce 109
	ID  reduce 109

	bloque_break_continue  goto 147


state 127
	sentencia_for : FOR PARENT_A encabezado_for PARENT_C bloque_break_continue .  (124)

	.  reduce 124


state 128
	sentencia_while : ID DOSPUNTOS WHILE PARENT_A condicion . PARENT_C DOSPUNTOS PARENT_A asignacion PARENT_C bloque_break_continue  (108)

	PARENT_C  shift 148
	.  error


state 129
	sentencia_for : ID DOSPUNTOS FOR PARENT_A encabezado_for . PARENT_C bloque_break_continue  (125)

	PARENT_C  shift 149
	.  error


state 130
	llamado_func : ID PARENT_A param_real PARENT_C .  (131)

	.  reduce 131


state 131
	llamado_func : ID PARENT_A param_real COMA . param_real PARENT_C  (130)
	llamado_func : ID PARENT_A param_real COMA . param_real error PARENT_C  (133)

	ID  shift 101
	I32  shift 44
	F32  shift 45
	RESTA  shift 46
	.  error

	cte  goto 103
	param_real  goto 150


state 132
	sentencia_if : IF PARENT_A condicion PARENT_C THEN LLAVE_A . bloque_ejecutable LLAVE_C ELSE LLAVE_A bloque_ejecutable LLAVE_C END_IF  (95)
	sentencia_if : IF PARENT_A condicion PARENT_C THEN LLAVE_A . bloque_ejecutable LLAVE_C END_IF  (96)
	bloque_ejecutable : .  (103)

	.  reduce 103

	bloque_ejecutable  goto 151


state 133
	sentencia_decl_fun : FUN ID PARENT_A PARENT_C ID LLAVE_A . cuerpo_fun LLAVE_C  (19)
	cuerpo_fun : .  (35)

	.  reduce 35

	cuerpo_fun  goto 152


state 134
	sentencia_decl_fun : FUN ID PARENT_A PARENT_C DOSPUNTOS ID . LLAVE_A cuerpo_fun LLAVE_C  (16)

	LLAVE_A  shift 153
	.  error


state 135
	sentencia_decl_fun : FUN ID PARENT_A PARENT_C DOSPUNTOS LLAVE_A . cuerpo_fun LLAVE_C  (23)
	cuerpo_fun : .  (35)

	.  reduce 35

	cuerpo_fun  goto 154


state 136
	sentencia_decl_fun : FUN ID PARENT_A DOSPUNTOS ID LLAVE_A . cuerpo_fun LLAVE_C  (27)
	cuerpo_fun : .  (35)

	.  reduce 35

	cuerpo_fun  goto 155


state 137
	sentencia_decl_fun : FUN ID PARENT_A parametro PARENT_C ID . LLAVE_A cuerpo_fun LLAVE_C  (18)

	LLAVE_A  shift 156
	.  error


state 138
	sentencia_decl_fun : FUN ID PARENT_A parametro PARENT_C DOSPUNTOS . ID LLAVE_A cuerpo_fun LLAVE_C  (15)
	sentencia_decl_fun : FUN ID PARENT_A parametro PARENT_C DOSPUNTOS . LLAVE_A cuerpo_fun LLAVE_C  (22)

	ID  shift 157
	LLAVE_A  shift 158
	.  error


state 139
	sentencia_decl_fun : FUN ID PARENT_A parametro COMA parametro . PARENT_C DOSPUNTOS ID LLAVE_A cuerpo_fun LLAVE_C  (14)
	sentencia_decl_fun : FUN ID PARENT_A parametro COMA parametro . PARENT_C ID LLAVE_A cuerpo_fun LLAVE_C  (17)
	sentencia_decl_fun : FUN ID PARENT_A parametro COMA parametro . PARENT_C DOSPUNTOS LLAVE_A cuerpo_fun LLAVE_C  (21)
	sentencia_decl_fun : FUN ID PARENT_A parametro COMA parametro . DOSPUNTOS ID LLAVE_A cuerpo_fun LLAVE_C  (25)

	PARENT_C  shift 159
	DOSPUNTOS  shift 160
	.  error


state 140
	sentencia_decl_fun : FUN ID PARENT_A parametro DOSPUNTOS ID . LLAVE_A cuerpo_fun LLAVE_C  (26)

	LLAVE_A  shift 161
	.  error


state 141
	sentencia_decl_fun : FUN ID PARENT_C DOSPUNTOS ID LLAVE_A . cuerpo_fun LLAVE_C  (32)
	cuerpo_fun : .  (35)

	.  reduce 35

	cuerpo_fun  goto 162


state 142
	sentencia_decl_fun : FUN ID parametro PARENT_C DOSPUNTOS ID . LLAVE_A cuerpo_fun LLAVE_C  (31)

	LLAVE_A  shift 163
	.  error


state 143
	sentencia_decl_fun : FUN ID parametro COMA parametro PARENT_C . DOSPUNTOS ID LLAVE_A cuerpo_fun LLAVE_C  (30)

	DOSPUNTOS  shift 164
	.  error


state 144
	sentencia_when : WHEN PARENT_A condicion PARENT_C THEN LLAVE_A . bloque_sentencias LLAVE_C  (106)
	bloque_sentencias : .  (3)

	.  reduce 3

	bloque_sentencias  goto 165


state 145
	sentencia_while : WHILE PARENT_A condicion PARENT_C DOSPUNTOS PARENT_A . asignacion PARENT_C bloque_break_continue  (107)

	ID  shift 38
	.  error

	asignacion  goto 166


state 146
	encabezado_for : asignacion PUNTOCOMA condicion PUNTOCOMA . SUMA cte  (126)
	encabezado_for : asignacion PUNTOCOMA condicion PUNTOCOMA . RESTA cte  (127)

	SUMA  shift 167
	RESTA  shift 168
	.  error


state 147
	bloque_break_continue : LLAVE_A bloque_break_continue . ejecutables_break_continue LLAVE_C  (110)

	IF  shift 169
	OUT  shift 8
	BREAK  shift 170
	WHEN  shift 10
	WHILE  shift 11
	FOR  shift 12
	CONTINUE  shift 171
	ID  shift 172
	.  error

	asignacion  goto 173
	sentencia_out  goto 174
	sentencia_when  goto 175
	sentencia_for  goto 176
	sentencia_while  goto 177
	ejecutables_break_continue  goto 178
	sentencia_if_break  goto 179


state 148
	sentencia_while : ID DOSPUNTOS WHILE PARENT_A condicion PARENT_C . DOSPUNTOS PARENT_A asignacion PARENT_C bloque_break_continue  (108)

	DOSPUNTOS  shift 180
	.  error


state 149
	sentencia_for : ID DOSPUNTOS FOR PARENT_A encabezado_for PARENT_C . bloque_break_continue  (125)
	bloque_break_continue : .  (109)

	LLAVE_A  shift 126
	IF  reduce 109
	ELSE  reduce 109
	OUT  reduce 109
	WHEN  reduce 109
	WHILE  reduce 109
	FOR  reduce 109
	ID  reduce 109
	PUNTOCOMA  reduce 109
	LLAVE_C  reduce 109

	bloque_break_continue  goto 181


state 150
	llamado_func : ID PARENT_A param_real COMA param_real . PARENT_C  (130)
	llamado_func : ID PARENT_A param_real COMA param_real . error PARENT_C  (133)

	error  shift 182
	PARENT_C  shift 183
	.  error


state 151
	sentencia_if : IF PARENT_A condicion PARENT_C THEN LLAVE_A bloque_ejecutable . LLAVE_C ELSE LLAVE_A bloque_ejecutable LLAVE_C END_IF  (95)
	sentencia_if : IF PARENT_A condicion PARENT_C THEN LLAVE_A bloque_ejecutable . LLAVE_C END_IF  (96)
	bloque_ejecutable : bloque_ejecutable . sentencia_ejecutable  (104)

	IF  shift 7
	OUT  shift 8
	WHEN  shift 10
	WHILE  shift 11
	FOR  shift 12
	ID  shift 172
	LLAVE_C  shift 184
	.  error

	sentencia_ejecutable  goto 185
	asignacion  goto 22
	sentencia_out  goto 23
	sentencia_if  goto 24
	sentencia_when  goto 25
	sentencia_for  goto 26
	sentencia_while  goto 27


state 152
	sentencia_decl_fun : FUN ID PARENT_A PARENT_C ID LLAVE_A cuerpo_fun . LLAVE_C  (19)
	cuerpo_fun : cuerpo_fun . sentencias_fun PUNTOCOMA  (36)

	IF  shift 186
	OUT  shift 8
	FUN  shift 9
	RETURN  shift 187
	WHEN  shift 188
	WHILE  shift 189
	FOR  shift 190
	ID  shift 191
	LLAVE_C  shift 192
	CONST  shift 15
	.  error

	sentencia_decl_datos  goto 193
	sentencia_decl_fun  goto 194
	lista_const  goto 195
	sentencias_fun  goto 196
	asignacion  goto 197
	sentencia_if_fun  goto 198
	sentencia_out  goto 199
	sentencia_when_fun  goto 200
	sentencia_for_fun  goto 201
	sentencia_while_fun  goto 202
	retorno  goto 203


state 153
	sentencia_decl_fun : FUN ID PARENT_A PARENT_C DOSPUNTOS ID LLAVE_A . cuerpo_fun LLAVE_C  (16)
	cuerpo_fun : .  (35)

	.  reduce 35

	cuerpo_fun  goto 204


state 154
	sentencia_decl_fun : FUN ID PARENT_A PARENT_C DOSPUNTOS LLAVE_A cuerpo_fun . LLAVE_C  (23)
	cuerpo_fun : cuerpo_fun . sentencias_fun PUNTOCOMA  (36)

	IF  shift 186
	OUT  shift 8
	FUN  shift 9
	RETURN  shift 187
	WHEN  shift 188
	WHILE  shift 189
	FOR  shift 190
	ID  shift 191
	LLAVE_C  shift 205
	CONST  shift 15
	.  error

	sentencia_decl_datos  goto 193
	sentencia_decl_fun  goto 194
	lista_const  goto 195
	sentencias_fun  goto 196
	asignacion  goto 197
	sentencia_if_fun  goto 198
	sentencia_out  goto 199
	sentencia_when_fun  goto 200
	sentencia_for_fun  goto 201
	sentencia_while_fun  goto 202
	retorno  goto 203


state 155
	sentencia_decl_fun : FUN ID PARENT_A DOSPUNTOS ID LLAVE_A cuerpo_fun . LLAVE_C  (27)
	cuerpo_fun : cuerpo_fun . sentencias_fun PUNTOCOMA  (36)

	IF  shift 186
	OUT  shift 8
	FUN  shift 9
	RETURN  shift 187
	WHEN  shift 188
	WHILE  shift 189
	FOR  shift 190
	ID  shift 191
	LLAVE_C  shift 206
	CONST  shift 15
	.  error

	sentencia_decl_datos  goto 193
	sentencia_decl_fun  goto 194
	lista_const  goto 195
	sentencias_fun  goto 196
	asignacion  goto 197
	sentencia_if_fun  goto 198
	sentencia_out  goto 199
	sentencia_when_fun  goto 200
	sentencia_for_fun  goto 201
	sentencia_while_fun  goto 202
	retorno  goto 203


state 156
	sentencia_decl_fun : FUN ID PARENT_A parametro PARENT_C ID LLAVE_A . cuerpo_fun LLAVE_C  (18)
	cuerpo_fun : .  (35)

	.  reduce 35

	cuerpo_fun  goto 207


state 157
	sentencia_decl_fun : FUN ID PARENT_A parametro PARENT_C DOSPUNTOS ID . LLAVE_A cuerpo_fun LLAVE_C  (15)

	LLAVE_A  shift 208
	.  error


state 158
	sentencia_decl_fun : FUN ID PARENT_A parametro PARENT_C DOSPUNTOS LLAVE_A . cuerpo_fun LLAVE_C  (22)
	cuerpo_fun : .  (35)

	.  reduce 35

	cuerpo_fun  goto 209


state 159
	sentencia_decl_fun : FUN ID PARENT_A parametro COMA parametro PARENT_C . DOSPUNTOS ID LLAVE_A cuerpo_fun LLAVE_C  (14)
	sentencia_decl_fun : FUN ID PARENT_A parametro COMA parametro PARENT_C . ID LLAVE_A cuerpo_fun LLAVE_C  (17)
	sentencia_decl_fun : FUN ID PARENT_A parametro COMA parametro PARENT_C . DOSPUNTOS LLAVE_A cuerpo_fun LLAVE_C  (21)

	ID  shift 210
	DOSPUNTOS  shift 211
	.  error


state 160
	sentencia_decl_fun : FUN ID PARENT_A parametro COMA parametro DOSPUNTOS . ID LLAVE_A cuerpo_fun LLAVE_C  (25)

	ID  shift 212
	.  error


state 161
	sentencia_decl_fun : FUN ID PARENT_A parametro DOSPUNTOS ID LLAVE_A . cuerpo_fun LLAVE_C  (26)
	cuerpo_fun : .  (35)

	.  reduce 35

	cuerpo_fun  goto 213


state 162
	sentencia_decl_fun : FUN ID PARENT_C DOSPUNTOS ID LLAVE_A cuerpo_fun . LLAVE_C  (32)
	cuerpo_fun : cuerpo_fun . sentencias_fun PUNTOCOMA  (36)

	IF  shift 186
	OUT  shift 8
	FUN  shift 9
	RETURN  shift 187
	WHEN  shift 188
	WHILE  shift 189
	FOR  shift 190
	ID  shift 191
	LLAVE_C  shift 214
	CONST  shift 15
	.  error

	sentencia_decl_datos  goto 193
	sentencia_decl_fun  goto 194
	lista_const  goto 195
	sentencias_fun  goto 196
	asignacion  goto 197
	sentencia_if_fun  goto 198
	sentencia_out  goto 199
	sentencia_when_fun  goto 200
	sentencia_for_fun  goto 201
	sentencia_while_fun  goto 202
	retorno  goto 203


state 163
	sentencia_decl_fun : FUN ID parametro PARENT_C DOSPUNTOS ID LLAVE_A . cuerpo_fun LLAVE_C  (31)
	cuerpo_fun : .  (35)

	.  reduce 35

	cuerpo_fun  goto 215


state 164
	sentencia_decl_fun : FUN ID parametro COMA parametro PARENT_C DOSPUNTOS . ID LLAVE_A cuerpo_fun LLAVE_C  (30)

	ID  shift 216
	.  error


state 165
	bloque_sentencias : bloque_sentencias . sentencia  (4)
	sentencia_when : WHEN PARENT_A condicion PARENT_C THEN LLAVE_A bloque_sentencias . LLAVE_C  (106)

	error  shift 6
	IF  shift 7
	OUT  shift 8
	FUN  shift 9
	WHEN  shift 10
	WHILE  shift 11
	FOR  shift 12
	ID  shift 13
	LLAVE_C  shift 217
	CONST  shift 15
	.  error

	sentencia  goto 16
	sentencia_declarativa  goto 17
	sentencia_ejecutable  goto 18
	sentencia_decl_datos  goto 19
	sentencia_decl_fun  goto 20
	lista_const  goto 21
	asignacion  goto 22
	sentencia_out  goto 23
	sentencia_if  goto 24
	sentencia_when  goto 25
	sentencia_for  goto 26
	sentencia_while  goto 27


state 166
	sentencia_while : WHILE PARENT_A condicion PARENT_C DOSPUNTOS PARENT_A asignacion . PARENT_C bloque_break_continue  (107)

	PARENT_C  shift 218
	.  error


state 167
	encabezado_for : asignacion PUNTOCOMA condicion PUNTOCOMA SUMA . cte  (126)

	I32  shift 44
	F32  shift 45
	RESTA  shift 46
	.  error

	cte  goto 219


state 168
	encabezado_for : asignacion PUNTOCOMA condicion PUNTOCOMA RESTA . cte  (127)

	I32  shift 44
	F32  shift 45
	RESTA  shift 46
	.  error

	cte  goto 220


state 169
	sentencia_if_break : IF . PARENT_A condicion PARENT_C THEN bloque_break_continue ELSE bloque_break_continue END_IF  (122)
	sentencia_if_break : IF . PARENT_A condicion PARENT_C THEN bloque_break_continue END_IF  (123)

	PARENT_A  shift 221
	.  error


state 170
	ejecutables_break_continue : BREAK .  (118)
	ejecutables_break_continue : BREAK . cte  (119)

	I32  shift 44
	F32  shift 45
	RESTA  shift 46
	LLAVE_C  reduce 118

	cte  goto 222


state 171
	ejecutables_break_continue : CONTINUE . tag  (117)
	tag : .  (120)

	DOSPUNTOS  shift 223
	LLAVE_C  reduce 120

	tag  goto 224


state 172
	asignacion : ID . ASIG expresion  (79)
	sentencia_while : ID . DOSPUNTOS WHILE PARENT_A condicion PARENT_C DOSPUNTOS PARENT_A asignacion PARENT_C bloque_break_continue  (108)
	sentencia_for : ID . DOSPUNTOS FOR PARENT_A encabezado_for PARENT_C bloque_break_continue  (125)

	DOSPUNTOS  shift 35
	ASIG  shift 36
	.  error


state 173
	ejecutables_break_continue : asignacion .  (111)

	.  reduce 111


state 174
	ejecutables_break_continue : sentencia_out .  (113)

	.  reduce 113


state 175
	ejecutables_break_continue : sentencia_when .  (114)

	.  reduce 114


state 176
	ejecutables_break_continue : sentencia_for .  (116)

	.  reduce 116


state 177
	ejecutables_break_continue : sentencia_while .  (115)

	.  reduce 115


state 178
	bloque_break_continue : LLAVE_A bloque_break_continue ejecutables_break_continue . LLAVE_C  (110)

	LLAVE_C  shift 225
	.  error


state 179
	ejecutables_break_continue : sentencia_if_break .  (112)

	.  reduce 112


state 180
	sentencia_while : ID DOSPUNTOS WHILE PARENT_A condicion PARENT_C DOSPUNTOS . PARENT_A asignacion PARENT_C bloque_break_continue  (108)

	PARENT_A  shift 226
	.  error


state 181
	sentencia_for : ID DOSPUNTOS FOR PARENT_A encabezado_for PARENT_C bloque_break_continue .  (125)

	.  reduce 125


state 182
	llamado_func : ID PARENT_A param_real COMA param_real error . PARENT_C  (133)

	PARENT_C  shift 227
	.  error


state 183
	llamado_func : ID PARENT_A param_real COMA param_real PARENT_C .  (130)

	.  reduce 130


state 184
	sentencia_if : IF PARENT_A condicion PARENT_C THEN LLAVE_A bloque_ejecutable LLAVE_C . ELSE LLAVE_A bloque_ejecutable LLAVE_C END_IF  (95)
	sentencia_if : IF PARENT_A condicion PARENT_C THEN LLAVE_A bloque_ejecutable LLAVE_C . END_IF  (96)

	ELSE  shift 228
	END_IF  shift 229
	.  error


state 185
	bloque_ejecutable : bloque_ejecutable sentencia_ejecutable .  (104)

	.  reduce 104


state 186
	sentencia_if_fun : IF . PARENT_A condicion PARENT_C THEN LLAVE_A cuerpo_fun LLAVE_C ELSE LLAVE_A cuerpo_fun LLAVE_C END_IF  (47)
	sentencia_if_fun : IF . PARENT_A condicion PARENT_C THEN LLAVE_A cuerpo_fun LLAVE_C END_IF  (48)

	PARENT_A  shift 230
	.  error


state 187
	retorno : RETURN . PARENT_A expresion PARENT_C  (68)

	PARENT_A  shift 231
	.  error


state 188
	sentencia_when_fun : WHEN . PARENT_A condicion PARENT_C THEN LLAVE_A cuerpo_fun LLAVE_C  (49)

	PARENT_A  shift 232
	.  error


state 189
	sentencia_while_fun : WHILE . PARENT_A condicion PARENT_C DOSPUNTOS PARENT_A asignacion PARENT_C LLAVE_A cuerpo_fun_break LLAVE_C  (50)

	PARENT_A  shift 233
	.  error


state 190
	sentencia_for_fun : FOR . PARENT_A encabezado_for PARENT_C LLAVE_A cuerpo_fun_break LLAVE_C  (52)

	PARENT_A  shift 234
	.  error


state 191
	sentencia_decl_datos : ID . list_var  (11)
	sentencia_while_fun : ID . DOSPUNTOS WHILE PARENT_A condicion PARENT_C DOSPUNTOS PARENT_A asignacion PARENT_C LLAVE_A cuerpo_fun_break LLAVE_C  (51)
	sentencia_for_fun : ID . DOSPUNTOS FOR PARENT_A encabezado_for PARENT_C LLAVE_A cuerpo_fun_break LLAVE_C  (53)
	asignacion : ID . ASIG expresion  (79)

	ID  shift 34
	DOSPUNTOS  shift 235
	ASIG  shift 36
	.  error

	list_var  goto 37


state 192
	sentencia_decl_fun : FUN ID PARENT_A PARENT_C ID LLAVE_A cuerpo_fun LLAVE_C .  (19)

	.  reduce 19


state 193
	sentencias_fun : sentencia_decl_datos .  (37)

	.  reduce 37


state 194
	sentencias_fun : sentencia_decl_fun .  (38)

	.  reduce 38


state 195
	sentencias_fun : lista_const .  (39)

	.  reduce 39


state 196
	cuerpo_fun : cuerpo_fun sentencias_fun . PUNTOCOMA  (36)

	PUNTOCOMA  shift 236
	.  error


state 197
	sentencias_fun : asignacion .  (40)

	.  reduce 40


state 198
	sentencias_fun : sentencia_if_fun .  (41)

	.  reduce 41


state 199
	sentencias_fun : sentencia_out .  (42)

	.  reduce 42


state 200
	sentencias_fun : sentencia_when_fun .  (43)

	.  reduce 43


state 201
	sentencias_fun : sentencia_for_fun .  (44)

	.  reduce 44


state 202
	sentencias_fun : sentencia_while_fun .  (45)

	.  reduce 45


state 203
	sentencias_fun : retorno .  (46)

	.  reduce 46


state 204
	sentencia_decl_fun : FUN ID PARENT_A PARENT_C DOSPUNTOS ID LLAVE_A cuerpo_fun . LLAVE_C  (16)
	cuerpo_fun : cuerpo_fun . sentencias_fun PUNTOCOMA  (36)

	IF  shift 186
	OUT  shift 8
	FUN  shift 9
	RETURN  shift 187
	WHEN  shift 188
	WHILE  shift 189
	FOR  shift 190
	ID  shift 191
	LLAVE_C  shift 237
	CONST  shift 15
	.  error

	sentencia_decl_datos  goto 193
	sentencia_decl_fun  goto 194
	lista_const  goto 195
	sentencias_fun  goto 196
	asignacion  goto 197
	sentencia_if_fun  goto 198
	sentencia_out  goto 199
	sentencia_when_fun  goto 200
	sentencia_for_fun  goto 201
	sentencia_while_fun  goto 202
	retorno  goto 203


state 205
	sentencia_decl_fun : FUN ID PARENT_A PARENT_C DOSPUNTOS LLAVE_A cuerpo_fun LLAVE_C .  (23)

	.  reduce 23


state 206
	sentencia_decl_fun : FUN ID PARENT_A DOSPUNTOS ID LLAVE_A cuerpo_fun LLAVE_C .  (27)

	.  reduce 27


state 207
	sentencia_decl_fun : FUN ID PARENT_A parametro PARENT_C ID LLAVE_A cuerpo_fun . LLAVE_C  (18)
	cuerpo_fun : cuerpo_fun . sentencias_fun PUNTOCOMA  (36)

	IF  shift 186
	OUT  shift 8
	FUN  shift 9
	RETURN  shift 187
	WHEN  shift 188
	WHILE  shift 189
	FOR  shift 190
	ID  shift 191
	LLAVE_C  shift 238
	CONST  shift 15
	.  error

	sentencia_decl_datos  goto 193
	sentencia_decl_fun  goto 194
	lista_const  goto 195
	sentencias_fun  goto 196
	asignacion  goto 197
	sentencia_if_fun  goto 198
	sentencia_out  goto 199
	sentencia_when_fun  goto 200
	sentencia_for_fun  goto 201
	sentencia_while_fun  goto 202
	retorno  goto 203


state 208
	sentencia_decl_fun : FUN ID PARENT_A parametro PARENT_C DOSPUNTOS ID LLAVE_A . cuerpo_fun LLAVE_C  (15)
	cuerpo_fun : .  (35)

	.  reduce 35

	cuerpo_fun  goto 239


state 209
	sentencia_decl_fun : FUN ID PARENT_A parametro PARENT_C DOSPUNTOS LLAVE_A cuerpo_fun . LLAVE_C  (22)
	cuerpo_fun : cuerpo_fun . sentencias_fun PUNTOCOMA  (36)

	IF  shift 186
	OUT  shift 8
	FUN  shift 9
	RETURN  shift 187
	WHEN  shift 188
	WHILE  shift 189
	FOR  shift 190
	ID  shift 191
	LLAVE_C  shift 240
	CONST  shift 15
	.  error

	sentencia_decl_datos  goto 193
	sentencia_decl_fun  goto 194
	lista_const  goto 195
	sentencias_fun  goto 196
	asignacion  goto 197
	sentencia_if_fun  goto 198
	sentencia_out  goto 199
	sentencia_when_fun  goto 200
	sentencia_for_fun  goto 201
	sentencia_while_fun  goto 202
	retorno  goto 203


state 210
	sentencia_decl_fun : FUN ID PARENT_A parametro COMA parametro PARENT_C ID . LLAVE_A cuerpo_fun LLAVE_C  (17)

	LLAVE_A  shift 241
	.  error


state 211
	sentencia_decl_fun : FUN ID PARENT_A parametro COMA parametro PARENT_C DOSPUNTOS . ID LLAVE_A cuerpo_fun LLAVE_C  (14)
	sentencia_decl_fun : FUN ID PARENT_A parametro COMA parametro PARENT_C DOSPUNTOS . LLAVE_A cuerpo_fun LLAVE_C  (21)

	ID  shift 242
	LLAVE_A  shift 243
	.  error


state 212
	sentencia_decl_fun : FUN ID PARENT_A parametro COMA parametro DOSPUNTOS ID . LLAVE_A cuerpo_fun LLAVE_C  (25)

	LLAVE_A  shift 244
	.  error


state 213
	sentencia_decl_fun : FUN ID PARENT_A parametro DOSPUNTOS ID LLAVE_A cuerpo_fun . LLAVE_C  (26)
	cuerpo_fun : cuerpo_fun . sentencias_fun PUNTOCOMA  (36)

	IF  shift 186
	OUT  shift 8
	FUN  shift 9
	RETURN  shift 187
	WHEN  shift 188
	WHILE  shift 189
	FOR  shift 190
	ID  shift 191
	LLAVE_C  shift 245
	CONST  shift 15
	.  error

	sentencia_decl_datos  goto 193
	sentencia_decl_fun  goto 194
	lista_const  goto 195
	sentencias_fun  goto 196
	asignacion  goto 197
	sentencia_if_fun  goto 198
	sentencia_out  goto 199
	sentencia_when_fun  goto 200
	sentencia_for_fun  goto 201
	sentencia_while_fun  goto 202
	retorno  goto 203


state 214
	sentencia_decl_fun : FUN ID PARENT_C DOSPUNTOS ID LLAVE_A cuerpo_fun LLAVE_C .  (32)

	.  reduce 32


state 215
	sentencia_decl_fun : FUN ID parametro PARENT_C DOSPUNTOS ID LLAVE_A cuerpo_fun . LLAVE_C  (31)
	cuerpo_fun : cuerpo_fun . sentencias_fun PUNTOCOMA  (36)

	IF  shift 186
	OUT  shift 8
	FUN  shift 9
	RETURN  shift 187
	WHEN  shift 188
	WHILE  shift 189
	FOR  shift 190
	ID  shift 191
	LLAVE_C  shift 246
	CONST  shift 15
	.  error

	sentencia_decl_datos  goto 193
	sentencia_decl_fun  goto 194
	lista_const  goto 195
	sentencias_fun  goto 196
	asignacion  goto 197
	sentencia_if_fun  goto 198
	sentencia_out  goto 199
	sentencia_when_fun  goto 200
	sentencia_for_fun  goto 201
	sentencia_while_fun  goto 202
	retorno  goto 203


state 216
	sentencia_decl_fun : FUN ID parametro COMA parametro PARENT_C DOSPUNTOS ID . LLAVE_A cuerpo_fun LLAVE_C  (30)

	LLAVE_A  shift 247
	.  error


state 217
	sentencia_when : WHEN PARENT_A condicion PARENT_C THEN LLAVE_A bloque_sentencias LLAVE_C .  (106)

	.  reduce 106


state 218
	sentencia_while : WHILE PARENT_A condicion PARENT_C DOSPUNTOS PARENT_A asignacion PARENT_C . bloque_break_continue  (107)
	bloque_break_continue : .  (109)

	LLAVE_A  shift 126
	IF  reduce 109
	ELSE  reduce 109
	OUT  reduce 109
	WHEN  reduce 109
	WHILE  reduce 109
	FOR  reduce 109
	ID  reduce 109
	PUNTOCOMA  reduce 109
	LLAVE_C  reduce 109

	bloque_break_continue  goto 248


state 219
	encabezado_for : asignacion PUNTOCOMA condicion PUNTOCOMA SUMA cte .  (126)

	.  reduce 126


state 220
	encabezado_for : asignacion PUNTOCOMA condicion PUNTOCOMA RESTA cte .  (127)

	.  reduce 127


state 221
	sentencia_if_break : IF PARENT_A . condicion PARENT_C THEN bloque_break_continue ELSE bloque_break_continue END_IF  (122)
	sentencia_if_break : IF PARENT_A . condicion PARENT_C THEN bloque_break_continue END_IF  (123)

	WHILE  shift 11
	FOR  shift 12
	ID  shift 43
	I32  shift 44
	F32  shift 45
	RESTA  shift 46
	.  error

	condicion  goto 249
	cte  goto 48
	expresion  goto 49
	sentencia_for  goto 50
	sentencia_while  goto 51
	termino  goto 52
	llamado_func  goto 53
	factor  goto 54


state 222
	ejecutables_break_continue : BREAK cte .  (119)

	.  reduce 119


state 223
	tag : DOSPUNTOS . ID  (121)

	ID  shift 250
	.  error


state 224
	ejecutables_break_continue : CONTINUE tag .  (117)

	.  reduce 117


state 225
	bloque_break_continue : LLAVE_A bloque_break_continue ejecutables_break_continue LLAVE_C .  (110)

	.  reduce 110


state 226
	sentencia_while : ID DOSPUNTOS WHILE PARENT_A condicion PARENT_C DOSPUNTOS PARENT_A . asignacion PARENT_C bloque_break_continue  (108)

	ID  shift 38
	.  error

	asignacion  goto 251


state 227
	llamado_func : ID PARENT_A param_real COMA param_real error PARENT_C .  (133)

	.  reduce 133


state 228
	sentencia_if : IF PARENT_A condicion PARENT_C THEN LLAVE_A bloque_ejecutable LLAVE_C ELSE . LLAVE_A bloque_ejecutable LLAVE_C END_IF  (95)

	LLAVE_A  shift 252
	.  error


state 229
	sentencia_if : IF PARENT_A condicion PARENT_C THEN LLAVE_A bloque_ejecutable LLAVE_C END_IF .  (96)

	.  reduce 96


state 230
	sentencia_if_fun : IF PARENT_A . condicion PARENT_C THEN LLAVE_A cuerpo_fun LLAVE_C ELSE LLAVE_A cuerpo_fun LLAVE_C END_IF  (47)
	sentencia_if_fun : IF PARENT_A . condicion PARENT_C THEN LLAVE_A cuerpo_fun LLAVE_C END_IF  (48)

	WHILE  shift 11
	FOR  shift 12
	ID  shift 43
	I32  shift 44
	F32  shift 45
	RESTA  shift 46
	.  error

	condicion  goto 253
	cte  goto 48
	expresion  goto 49
	sentencia_for  goto 50
	sentencia_while  goto 51
	termino  goto 52
	llamado_func  goto 53
	factor  goto 54


state 231
	retorno : RETURN PARENT_A . expresion PARENT_C  (68)

	WHILE  shift 11
	FOR  shift 12
	ID  shift 43
	I32  shift 44
	F32  shift 45
	RESTA  shift 46
	.  error

	cte  goto 48
	expresion  goto 254
	sentencia_for  goto 50
	sentencia_while  goto 51
	termino  goto 52
	llamado_func  goto 53
	factor  goto 54


state 232
	sentencia_when_fun : WHEN PARENT_A . condicion PARENT_C THEN LLAVE_A cuerpo_fun LLAVE_C  (49)

	WHILE  shift 11
	FOR  shift 12
	ID  shift 43
	I32  shift 44
	F32  shift 45
	RESTA  shift 46
	.  error

	condicion  goto 255
	cte  goto 48
	expresion  goto 49
	sentencia_for  goto 50
	sentencia_while  goto 51
	termino  goto 52
	llamado_func  goto 53
	factor  goto 54


state 233
	sentencia_while_fun : WHILE PARENT_A . condicion PARENT_C DOSPUNTOS PARENT_A asignacion PARENT_C LLAVE_A cuerpo_fun_break LLAVE_C  (50)

	WHILE  shift 11
	FOR  shift 12
	ID  shift 43
	I32  shift 44
	F32  shift 45
	RESTA  shift 46
	.  error

	condicion  goto 256
	cte  goto 48
	expresion  goto 49
	sentencia_for  goto 50
	sentencia_while  goto 51
	termino  goto 52
	llamado_func  goto 53
	factor  goto 54


state 234
	sentencia_for_fun : FOR PARENT_A . encabezado_for PARENT_C LLAVE_A cuerpo_fun_break LLAVE_C  (52)

	ID  shift 38
	.  error

	asignacion  goto 62
	encabezado_for  goto 257


state 235
	sentencia_while_fun : ID DOSPUNTOS . WHILE PARENT_A condicion PARENT_C DOSPUNTOS PARENT_A asignacion PARENT_C LLAVE_A cuerpo_fun_break LLAVE_C  (51)
	sentencia_for_fun : ID DOSPUNTOS . FOR PARENT_A encabezado_for PARENT_C LLAVE_A cuerpo_fun_break LLAVE_C  (53)

	WHILE  shift 258
	FOR  shift 259
	.  error


state 236
	cuerpo_fun : cuerpo_fun sentencias_fun PUNTOCOMA .  (36)

	.  reduce 36


state 237
	sentencia_decl_fun : FUN ID PARENT_A PARENT_C DOSPUNTOS ID LLAVE_A cuerpo_fun LLAVE_C .  (16)

	.  reduce 16


state 238
	sentencia_decl_fun : FUN ID PARENT_A parametro PARENT_C ID LLAVE_A cuerpo_fun LLAVE_C .  (18)

	.  reduce 18


state 239
	sentencia_decl_fun : FUN ID PARENT_A parametro PARENT_C DOSPUNTOS ID LLAVE_A cuerpo_fun . LLAVE_C  (15)
	cuerpo_fun : cuerpo_fun . sentencias_fun PUNTOCOMA  (36)

	IF  shift 186
	OUT  shift 8
	FUN  shift 9
	RETURN  shift 187
	WHEN  shift 188
	WHILE  shift 189
	FOR  shift 190
	ID  shift 191
	LLAVE_C  shift 260
	CONST  shift 15
	.  error

	sentencia_decl_datos  goto 193
	sentencia_decl_fun  goto 194
	lista_const  goto 195
	sentencias_fun  goto 196
	asignacion  goto 197
	sentencia_if_fun  goto 198
	sentencia_out  goto 199
	sentencia_when_fun  goto 200
	sentencia_for_fun  goto 201
	sentencia_while_fun  goto 202
	retorno  goto 203


state 240
	sentencia_decl_fun : FUN ID PARENT_A parametro PARENT_C DOSPUNTOS LLAVE_A cuerpo_fun LLAVE_C .  (22)

	.  reduce 22


state 241
	sentencia_decl_fun : FUN ID PARENT_A parametro COMA parametro PARENT_C ID LLAVE_A . cuerpo_fun LLAVE_C  (17)
	cuerpo_fun : .  (35)

	.  reduce 35

	cuerpo_fun  goto 261


state 242
	sentencia_decl_fun : FUN ID PARENT_A parametro COMA parametro PARENT_C DOSPUNTOS ID . LLAVE_A cuerpo_fun LLAVE_C  (14)

	LLAVE_A  shift 262
	.  error


state 243
	sentencia_decl_fun : FUN ID PARENT_A parametro COMA parametro PARENT_C DOSPUNTOS LLAVE_A . cuerpo_fun LLAVE_C  (21)
	cuerpo_fun : .  (35)

	.  reduce 35

	cuerpo_fun  goto 263


state 244
	sentencia_decl_fun : FUN ID PARENT_A parametro COMA parametro DOSPUNTOS ID LLAVE_A . cuerpo_fun LLAVE_C  (25)
	cuerpo_fun : .  (35)

	.  reduce 35

	cuerpo_fun  goto 264


state 245
	sentencia_decl_fun : FUN ID PARENT_A parametro DOSPUNTOS ID LLAVE_A cuerpo_fun LLAVE_C .  (26)

	.  reduce 26


state 246
	sentencia_decl_fun : FUN ID parametro PARENT_C DOSPUNTOS ID LLAVE_A cuerpo_fun LLAVE_C .  (31)

	.  reduce 31


state 247
	sentencia_decl_fun : FUN ID parametro COMA parametro PARENT_C DOSPUNTOS ID LLAVE_A . cuerpo_fun LLAVE_C  (30)
	cuerpo_fun : .  (35)

	.  reduce 35

	cuerpo_fun  goto 265


state 248
	sentencia_while : WHILE PARENT_A condicion PARENT_C DOSPUNTOS PARENT_A asignacion PARENT_C bloque_break_continue .  (107)

	.  reduce 107


state 249
	sentencia_if_break : IF PARENT_A condicion . PARENT_C THEN bloque_break_continue ELSE bloque_break_continue END_IF  (122)
	sentencia_if_break : IF PARENT_A condicion . PARENT_C THEN bloque_break_continue END_IF  (123)

	PARENT_C  shift 266
	.  error


state 250
	tag : DOSPUNTOS ID .  (121)

	.  reduce 121


state 251
	sentencia_while : ID DOSPUNTOS WHILE PARENT_A condicion PARENT_C DOSPUNTOS PARENT_A asignacion . PARENT_C bloque_break_continue  (108)

	PARENT_C  shift 267
	.  error


state 252
	sentencia_if : IF PARENT_A condicion PARENT_C THEN LLAVE_A bloque_ejecutable LLAVE_C ELSE LLAVE_A . bloque_ejecutable LLAVE_C END_IF  (95)
	bloque_ejecutable : .  (103)

	.  reduce 103

	bloque_ejecutable  goto 268


state 253
	sentencia_if_fun : IF PARENT_A condicion . PARENT_C THEN LLAVE_A cuerpo_fun LLAVE_C ELSE LLAVE_A cuerpo_fun LLAVE_C END_IF  (47)
	sentencia_if_fun : IF PARENT_A condicion . PARENT_C THEN LLAVE_A cuerpo_fun LLAVE_C END_IF  (48)

	PARENT_C  shift 269
	.  error


state 254
	retorno : RETURN PARENT_A expresion . PARENT_C  (68)
	expresion : expresion . SUMA termino  (80)
	expresion : expresion . RESTA termino  (81)

	PARENT_C  shift 270
	SUMA  shift 78
	RESTA  shift 79
	.  error


state 255
	sentencia_when_fun : WHEN PARENT_A condicion . PARENT_C THEN LLAVE_A cuerpo_fun LLAVE_C  (49)

	PARENT_C  shift 271
	.  error


state 256
	sentencia_while_fun : WHILE PARENT_A condicion . PARENT_C DOSPUNTOS PARENT_A asignacion PARENT_C LLAVE_A cuerpo_fun_break LLAVE_C  (50)

	PARENT_C  shift 272
	.  error


state 257
	sentencia_for_fun : FOR PARENT_A encabezado_for . PARENT_C LLAVE_A cuerpo_fun_break LLAVE_C  (52)

	PARENT_C  shift 273
	.  error


state 258
	sentencia_while_fun : ID DOSPUNTOS WHILE . PARENT_A condicion PARENT_C DOSPUNTOS PARENT_A asignacion PARENT_C LLAVE_A cuerpo_fun_break LLAVE_C  (51)

	PARENT_A  shift 274
	.  error


state 259
	sentencia_for_fun : ID DOSPUNTOS FOR . PARENT_A encabezado_for PARENT_C LLAVE_A cuerpo_fun_break LLAVE_C  (53)

	PARENT_A  shift 275
	.  error


state 260
	sentencia_decl_fun : FUN ID PARENT_A parametro PARENT_C DOSPUNTOS ID LLAVE_A cuerpo_fun LLAVE_C .  (15)

	.  reduce 15


state 261
	sentencia_decl_fun : FUN ID PARENT_A parametro COMA parametro PARENT_C ID LLAVE_A cuerpo_fun . LLAVE_C  (17)
	cuerpo_fun : cuerpo_fun . sentencias_fun PUNTOCOMA  (36)

	IF  shift 186
	OUT  shift 8
	FUN  shift 9
	RETURN  shift 187
	WHEN  shift 188
	WHILE  shift 189
	FOR  shift 190
	ID  shift 191
	LLAVE_C  shift 276
	CONST  shift 15
	.  error

	sentencia_decl_datos  goto 193
	sentencia_decl_fun  goto 194
	lista_const  goto 195
	sentencias_fun  goto 196
	asignacion  goto 197
	sentencia_if_fun  goto 198
	sentencia_out  goto 199
	sentencia_when_fun  goto 200
	sentencia_for_fun  goto 201
	sentencia_while_fun  goto 202
	retorno  goto 203


state 262
	sentencia_decl_fun : FUN ID PARENT_A parametro COMA parametro PARENT_C DOSPUNTOS ID LLAVE_A . cuerpo_fun LLAVE_C  (14)
	cuerpo_fun : .  (35)

	.  reduce 35

	cuerpo_fun  goto 277


state 263
	sentencia_decl_fun : FUN ID PARENT_A parametro COMA parametro PARENT_C DOSPUNTOS LLAVE_A cuerpo_fun . LLAVE_C  (21)
	cuerpo_fun : cuerpo_fun . sentencias_fun PUNTOCOMA  (36)

	IF  shift 186
	OUT  shift 8
	FUN  shift 9
	RETURN  shift 187
	WHEN  shift 188
	WHILE  shift 189
	FOR  shift 190
	ID  shift 191
	LLAVE_C  shift 278
	CONST  shift 15
	.  error

	sentencia_decl_datos  goto 193
	sentencia_decl_fun  goto 194
	lista_const  goto 195
	sentencias_fun  goto 196
	asignacion  goto 197
	sentencia_if_fun  goto 198
	sentencia_out  goto 199
	sentencia_when_fun  goto 200
	sentencia_for_fun  goto 201
	sentencia_while_fun  goto 202
	retorno  goto 203


state 264
	sentencia_decl_fun : FUN ID PARENT_A parametro COMA parametro DOSPUNTOS ID LLAVE_A cuerpo_fun . LLAVE_C  (25)
	cuerpo_fun : cuerpo_fun . sentencias_fun PUNTOCOMA  (36)

	IF  shift 186
	OUT  shift 8
	FUN  shift 9
	RETURN  shift 187
	WHEN  shift 188
	WHILE  shift 189
	FOR  shift 190
	ID  shift 191
	LLAVE_C  shift 279
	CONST  shift 15
	.  error

	sentencia_decl_datos  goto 193
	sentencia_decl_fun  goto 194
	lista_const  goto 195
	sentencias_fun  goto 196
	asignacion  goto 197
	sentencia_if_fun  goto 198
	sentencia_out  goto 199
	sentencia_when_fun  goto 200
	sentencia_for_fun  goto 201
	sentencia_while_fun  goto 202
	retorno  goto 203


state 265
	sentencia_decl_fun : FUN ID parametro COMA parametro PARENT_C DOSPUNTOS ID LLAVE_A cuerpo_fun . LLAVE_C  (30)
	cuerpo_fun : cuerpo_fun . sentencias_fun PUNTOCOMA  (36)

	IF  shift 186
	OUT  shift 8
	FUN  shift 9
	RETURN  shift 187
	WHEN  shift 188
	WHILE  shift 189
	FOR  shift 190
	ID  shift 191
	LLAVE_C  shift 280
	CONST  shift 15
	.  error

	sentencia_decl_datos  goto 193
	sentencia_decl_fun  goto 194
	lista_const  goto 195
	sentencias_fun  goto 196
	asignacion  goto 197
	sentencia_if_fun  goto 198
	sentencia_out  goto 199
	sentencia_when_fun  goto 200
	sentencia_for_fun  goto 201
	sentencia_while_fun  goto 202
	retorno  goto 203


state 266
	sentencia_if_break : IF PARENT_A condicion PARENT_C . THEN bloque_break_continue ELSE bloque_break_continue END_IF  (122)
	sentencia_if_break : IF PARENT_A condicion PARENT_C . THEN bloque_break_continue END_IF  (123)

	THEN  shift 281
	.  error


state 267
	sentencia_while : ID DOSPUNTOS WHILE PARENT_A condicion PARENT_C DOSPUNTOS PARENT_A asignacion PARENT_C . bloque_break_continue  (108)
	bloque_break_continue : .  (109)

	LLAVE_A  shift 126
	IF  reduce 109
	ELSE  reduce 109
	OUT  reduce 109
	WHEN  reduce 109
	WHILE  reduce 109
	FOR  reduce 109
	ID  reduce 109
	PUNTOCOMA  reduce 109
	LLAVE_C  reduce 109

	bloque_break_continue  goto 282


state 268
	sentencia_if : IF PARENT_A condicion PARENT_C THEN LLAVE_A bloque_ejecutable LLAVE_C ELSE LLAVE_A bloque_ejecutable . LLAVE_C END_IF  (95)
	bloque_ejecutable : bloque_ejecutable . sentencia_ejecutable  (104)

	IF  shift 7
	OUT  shift 8
	WHEN  shift 10
	WHILE  shift 11
	FOR  shift 12
	ID  shift 172
	LLAVE_C  shift 283
	.  error

	sentencia_ejecutable  goto 185
	asignacion  goto 22
	sentencia_out  goto 23
	sentencia_if  goto 24
	sentencia_when  goto 25
	sentencia_for  goto 26
	sentencia_while  goto 27


state 269
	sentencia_if_fun : IF PARENT_A condicion PARENT_C . THEN LLAVE_A cuerpo_fun LLAVE_C ELSE LLAVE_A cuerpo_fun LLAVE_C END_IF  (47)
	sentencia_if_fun : IF PARENT_A condicion PARENT_C . THEN LLAVE_A cuerpo_fun LLAVE_C END_IF  (48)

	THEN  shift 284
	.  error


state 270
	retorno : RETURN PARENT_A expresion PARENT_C .  (68)

	.  reduce 68


state 271
	sentencia_when_fun : WHEN PARENT_A condicion PARENT_C . THEN LLAVE_A cuerpo_fun LLAVE_C  (49)

	THEN  shift 285
	.  error


state 272
	sentencia_while_fun : WHILE PARENT_A condicion PARENT_C . DOSPUNTOS PARENT_A asignacion PARENT_C LLAVE_A cuerpo_fun_break LLAVE_C  (50)

	DOSPUNTOS  shift 286
	.  error


state 273
	sentencia_for_fun : FOR PARENT_A encabezado_for PARENT_C . LLAVE_A cuerpo_fun_break LLAVE_C  (52)

	LLAVE_A  shift 287
	.  error


state 274
	sentencia_while_fun : ID DOSPUNTOS WHILE PARENT_A . condicion PARENT_C DOSPUNTOS PARENT_A asignacion PARENT_C LLAVE_A cuerpo_fun_break LLAVE_C  (51)

	WHILE  shift 11
	FOR  shift 12
	ID  shift 43
	I32  shift 44
	F32  shift 45
	RESTA  shift 46
	.  error

	condicion  goto 288
	cte  goto 48
	expresion  goto 49
	sentencia_for  goto 50
	sentencia_while  goto 51
	termino  goto 52
	llamado_func  goto 53
	factor  goto 54


state 275
	sentencia_for_fun : ID DOSPUNTOS FOR PARENT_A . encabezado_for PARENT_C LLAVE_A cuerpo_fun_break LLAVE_C  (53)

	ID  shift 38
	.  error

	asignacion  goto 62
	encabezado_for  goto 289


state 276
	sentencia_decl_fun : FUN ID PARENT_A parametro COMA parametro PARENT_C ID LLAVE_A cuerpo_fun LLAVE_C .  (17)

	.  reduce 17


state 277
	sentencia_decl_fun : FUN ID PARENT_A parametro COMA parametro PARENT_C DOSPUNTOS ID LLAVE_A cuerpo_fun . LLAVE_C  (14)
	cuerpo_fun : cuerpo_fun . sentencias_fun PUNTOCOMA  (36)

	IF  shift 186
	OUT  shift 8
	FUN  shift 9
	RETURN  shift 187
	WHEN  shift 188
	WHILE  shift 189
	FOR  shift 190
	ID  shift 191
	LLAVE_C  shift 290
	CONST  shift 15
	.  error

	sentencia_decl_datos  goto 193
	sentencia_decl_fun  goto 194
	lista_const  goto 195
	sentencias_fun  goto 196
	asignacion  goto 197
	sentencia_if_fun  goto 198
	sentencia_out  goto 199
	sentencia_when_fun  goto 200
	sentencia_for_fun  goto 201
	sentencia_while_fun  goto 202
	retorno  goto 203


state 278
	sentencia_decl_fun : FUN ID PARENT_A parametro COMA parametro PARENT_C DOSPUNTOS LLAVE_A cuerpo_fun LLAVE_C .  (21)

	.  reduce 21


state 279
	sentencia_decl_fun : FUN ID PARENT_A parametro COMA parametro DOSPUNTOS ID LLAVE_A cuerpo_fun LLAVE_C .  (25)

	.  reduce 25


state 280
	sentencia_decl_fun : FUN ID parametro COMA parametro PARENT_C DOSPUNTOS ID LLAVE_A cuerpo_fun LLAVE_C .  (30)

	.  reduce 30


state 281
	sentencia_if_break : IF PARENT_A condicion PARENT_C THEN . bloque_break_continue ELSE bloque_break_continue END_IF  (122)
	sentencia_if_break : IF PARENT_A condicion PARENT_C THEN . bloque_break_continue END_IF  (123)
	bloque_break_continue : .  (109)

	LLAVE_A  shift 126
	ELSE  reduce 109
	END_IF  reduce 109

	bloque_break_continue  goto 291


state 282
	sentencia_while : ID DOSPUNTOS WHILE PARENT_A condicion PARENT_C DOSPUNTOS PARENT_A asignacion PARENT_C bloque_break_continue .  (108)

	.  reduce 108


state 283
	sentencia_if : IF PARENT_A condicion PARENT_C THEN LLAVE_A bloque_ejecutable LLAVE_C ELSE LLAVE_A bloque_ejecutable LLAVE_C . END_IF  (95)

	END_IF  shift 292
	.  error


state 284
	sentencia_if_fun : IF PARENT_A condicion PARENT_C THEN . LLAVE_A cuerpo_fun LLAVE_C ELSE LLAVE_A cuerpo_fun LLAVE_C END_IF  (47)
	sentencia_if_fun : IF PARENT_A condicion PARENT_C THEN . LLAVE_A cuerpo_fun LLAVE_C END_IF  (48)

	LLAVE_A  shift 293
	.  error


state 285
	sentencia_when_fun : WHEN PARENT_A condicion PARENT_C THEN . LLAVE_A cuerpo_fun LLAVE_C  (49)

	LLAVE_A  shift 294
	.  error


state 286
	sentencia_while_fun : WHILE PARENT_A condicion PARENT_C DOSPUNTOS . PARENT_A asignacion PARENT_C LLAVE_A cuerpo_fun_break LLAVE_C  (50)

	PARENT_A  shift 295
	.  error


state 287
	sentencia_for_fun : FOR PARENT_A encabezado_for PARENT_C LLAVE_A . cuerpo_fun_break LLAVE_C  (52)
	cuerpo_fun_break : .  (54)

	.  reduce 54

	cuerpo_fun_break  goto 296


state 288
	sentencia_while_fun : ID DOSPUNTOS WHILE PARENT_A condicion . PARENT_C DOSPUNTOS PARENT_A asignacion PARENT_C LLAVE_A cuerpo_fun_break LLAVE_C  (51)

	PARENT_C  shift 297
	.  error


state 289
	sentencia_for_fun : ID DOSPUNTOS FOR PARENT_A encabezado_for . PARENT_C LLAVE_A cuerpo_fun_break LLAVE_C  (53)

	PARENT_C  shift 298
	.  error


state 290
	sentencia_decl_fun : FUN ID PARENT_A parametro COMA parametro PARENT_C DOSPUNTOS ID LLAVE_A cuerpo_fun LLAVE_C .  (14)

	.  reduce 14


state 291
	sentencia_if_break : IF PARENT_A condicion PARENT_C THEN bloque_break_continue . ELSE bloque_break_continue END_IF  (122)
	sentencia_if_break : IF PARENT_A condicion PARENT_C THEN bloque_break_continue . END_IF  (123)

	ELSE  shift 299
	END_IF  shift 300
	.  error


state 292
	sentencia_if : IF PARENT_A condicion PARENT_C THEN LLAVE_A bloque_ejecutable LLAVE_C ELSE LLAVE_A bloque_ejecutable LLAVE_C END_IF .  (95)

	.  reduce 95


state 293
	sentencia_if_fun : IF PARENT_A condicion PARENT_C THEN LLAVE_A . cuerpo_fun LLAVE_C ELSE LLAVE_A cuerpo_fun LLAVE_C END_IF  (47)
	sentencia_if_fun : IF PARENT_A condicion PARENT_C THEN LLAVE_A . cuerpo_fun LLAVE_C END_IF  (48)
	cuerpo_fun : .  (35)

	.  reduce 35

	cuerpo_fun  goto 301


state 294
	sentencia_when_fun : WHEN PARENT_A condicion PARENT_C THEN LLAVE_A . cuerpo_fun LLAVE_C  (49)
	cuerpo_fun : .  (35)

	.  reduce 35

	cuerpo_fun  goto 302


state 295
	sentencia_while_fun : WHILE PARENT_A condicion PARENT_C DOSPUNTOS PARENT_A . asignacion PARENT_C LLAVE_A cuerpo_fun_break LLAVE_C  (50)

	ID  shift 38
	.  error

	asignacion  goto 303


state 296
	sentencia_for_fun : FOR PARENT_A encabezado_for PARENT_C LLAVE_A cuerpo_fun_break . LLAVE_C  (52)
	cuerpo_fun_break : cuerpo_fun_break . sentencias_fun_break  (55)

	IF  shift 304
	OUT  shift 8
	RETURN  shift 187
	BREAK  shift 305
	WHEN  shift 188
	WHILE  shift 189
	FOR  shift 190
	CONTINUE  shift 306
	ID  shift 307
	LLAVE_C  shift 308
	.  error

	asignacion  goto 309
	sentencia_out  goto 310
	sentencia_when_fun  goto 311
	sentencia_for_fun  goto 312
	sentencia_while_fun  goto 313
	retorno  goto 314
	sentencias_fun_break  goto 315
	sentencia_if_break_fun  goto 316


state 297
	sentencia_while_fun : ID DOSPUNTOS WHILE PARENT_A condicion PARENT_C . DOSPUNTOS PARENT_A asignacion PARENT_C LLAVE_A cuerpo_fun_break LLAVE_C  (51)

	DOSPUNTOS  shift 317
	.  error


state 298
	sentencia_for_fun : ID DOSPUNTOS FOR PARENT_A encabezado_for PARENT_C . LLAVE_A cuerpo_fun_break LLAVE_C  (53)

	LLAVE_A  shift 318
	.  error


state 299
	sentencia_if_break : IF PARENT_A condicion PARENT_C THEN bloque_break_continue ELSE . bloque_break_continue END_IF  (122)
	bloque_break_continue : .  (109)

	LLAVE_A  shift 126
	END_IF  reduce 109

	bloque_break_continue  goto 319


state 300
	sentencia_if_break : IF PARENT_A condicion PARENT_C THEN bloque_break_continue END_IF .  (123)

	.  reduce 123


state 301
	cuerpo_fun : cuerpo_fun . sentencias_fun PUNTOCOMA  (36)
	sentencia_if_fun : IF PARENT_A condicion PARENT_C THEN LLAVE_A cuerpo_fun . LLAVE_C ELSE LLAVE_A cuerpo_fun LLAVE_C END_IF  (47)
	sentencia_if_fun : IF PARENT_A condicion PARENT_C THEN LLAVE_A cuerpo_fun . LLAVE_C END_IF  (48)

	IF  shift 186
	OUT  shift 8
	FUN  shift 9
	RETURN  shift 187
	WHEN  shift 188
	WHILE  shift 189
	FOR  shift 190
	ID  shift 191
	LLAVE_C  shift 320
	CONST  shift 15
	.  error

	sentencia_decl_datos  goto 193
	sentencia_decl_fun  goto 194
	lista_const  goto 195
	sentencias_fun  goto 196
	asignacion  goto 197
	sentencia_if_fun  goto 198
	sentencia_out  goto 199
	sentencia_when_fun  goto 200
	sentencia_for_fun  goto 201
	sentencia_while_fun  goto 202
	retorno  goto 203


state 302
	cuerpo_fun : cuerpo_fun . sentencias_fun PUNTOCOMA  (36)
	sentencia_when_fun : WHEN PARENT_A condicion PARENT_C THEN LLAVE_A cuerpo_fun . LLAVE_C  (49)

	IF  shift 186
	OUT  shift 8
	FUN  shift 9
	RETURN  shift 187
	WHEN  shift 188
	WHILE  shift 189
	FOR  shift 190
	ID  shift 191
	LLAVE_C  shift 321
	CONST  shift 15
	.  error

	sentencia_decl_datos  goto 193
	sentencia_decl_fun  goto 194
	lista_const  goto 195
	sentencias_fun  goto 196
	asignacion  goto 197
	sentencia_if_fun  goto 198
	sentencia_out  goto 199
	sentencia_when_fun  goto 200
	sentencia_for_fun  goto 201
	sentencia_while_fun  goto 202
	retorno  goto 203


state 303
	sentencia_while_fun : WHILE PARENT_A condicion PARENT_C DOSPUNTOS PARENT_A asignacion . PARENT_C LLAVE_A cuerpo_fun_break LLAVE_C  (50)

	PARENT_C  shift 322
	.  error


state 304
	sentencia_if_break_fun : IF . PARENT_A condicion PARENT_C THEN LLAVE_A cuerpo_fun_break LLAVE_C ELSE LLAVE_A cuerpo_fun_break LLAVE_C END_IF  (66)
	sentencia_if_break_fun : IF . PARENT_A condicion PARENT_C THEN LLAVE_A cuerpo_fun_break LLAVE_C END_IF  (67)

	PARENT_A  shift 323
	.  error


state 305
	sentencias_fun_break : BREAK .  (63)
	sentencias_fun_break : BREAK . cte  (64)

	I32  shift 44
	F32  shift 45
	RESTA  shift 46
	IF  reduce 63
	OUT  reduce 63
	RETURN  reduce 63
	BREAK  reduce 63
	WHEN  reduce 63
	WHILE  reduce 63
	FOR  reduce 63
	CONTINUE  reduce 63
	ID  reduce 63
	LLAVE_C  reduce 63

	cte  goto 324


state 306
	sentencias_fun_break : CONTINUE . tag  (62)
	tag : .  (120)

	DOSPUNTOS  shift 223
	IF  reduce 120
	OUT  reduce 120
	RETURN  reduce 120
	BREAK  reduce 120
	WHEN  reduce 120
	WHILE  reduce 120
	FOR  reduce 120
	CONTINUE  reduce 120
	ID  reduce 120
	LLAVE_C  reduce 120

	tag  goto 325


state 307
	sentencia_while_fun : ID . DOSPUNTOS WHILE PARENT_A condicion PARENT_C DOSPUNTOS PARENT_A asignacion PARENT_C LLAVE_A cuerpo_fun_break LLAVE_C  (51)
	sentencia_for_fun : ID . DOSPUNTOS FOR PARENT_A encabezado_for PARENT_C LLAVE_A cuerpo_fun_break LLAVE_C  (53)
	asignacion : ID . ASIG expresion  (79)

	DOSPUNTOS  shift 235
	ASIG  shift 36
	.  error


state 308
	sentencia_for_fun : FOR PARENT_A encabezado_for PARENT_C LLAVE_A cuerpo_fun_break LLAVE_C .  (52)

	.  reduce 52


state 309
	sentencias_fun_break : asignacion .  (56)

	.  reduce 56


state 310
	sentencias_fun_break : sentencia_out .  (58)

	.  reduce 58


state 311
	sentencias_fun_break : sentencia_when_fun .  (59)

	.  reduce 59


state 312
	sentencias_fun_break : sentencia_for_fun .  (61)

	.  reduce 61


state 313
	sentencias_fun_break : sentencia_while_fun .  (60)

	.  reduce 60


state 314
	sentencias_fun_break : retorno .  (65)

	.  reduce 65


state 315
	cuerpo_fun_break : cuerpo_fun_break sentencias_fun_break .  (55)

	.  reduce 55


state 316
	sentencias_fun_break : sentencia_if_break_fun .  (57)

	.  reduce 57


state 317
	sentencia_while_fun : ID DOSPUNTOS WHILE PARENT_A condicion PARENT_C DOSPUNTOS . PARENT_A asignacion PARENT_C LLAVE_A cuerpo_fun_break LLAVE_C  (51)

	PARENT_A  shift 326
	.  error


state 318
	sentencia_for_fun : ID DOSPUNTOS FOR PARENT_A encabezado_for PARENT_C LLAVE_A . cuerpo_fun_break LLAVE_C  (53)
	cuerpo_fun_break : .  (54)

	.  reduce 54

	cuerpo_fun_break  goto 327


state 319
	sentencia_if_break : IF PARENT_A condicion PARENT_C THEN bloque_break_continue ELSE bloque_break_continue . END_IF  (122)

	END_IF  shift 328
	.  error


state 320
	sentencia_if_fun : IF PARENT_A condicion PARENT_C THEN LLAVE_A cuerpo_fun LLAVE_C . ELSE LLAVE_A cuerpo_fun LLAVE_C END_IF  (47)
	sentencia_if_fun : IF PARENT_A condicion PARENT_C THEN LLAVE_A cuerpo_fun LLAVE_C . END_IF  (48)

	ELSE  shift 329
	END_IF  shift 330
	.  error


state 321
	sentencia_when_fun : WHEN PARENT_A condicion PARENT_C THEN LLAVE_A cuerpo_fun LLAVE_C .  (49)

	.  reduce 49


state 322
	sentencia_while_fun : WHILE PARENT_A condicion PARENT_C DOSPUNTOS PARENT_A asignacion PARENT_C . LLAVE_A cuerpo_fun_break LLAVE_C  (50)

	LLAVE_A  shift 331
	.  error


state 323
	sentencia_if_break_fun : IF PARENT_A . condicion PARENT_C THEN LLAVE_A cuerpo_fun_break LLAVE_C ELSE LLAVE_A cuerpo_fun_break LLAVE_C END_IF  (66)
	sentencia_if_break_fun : IF PARENT_A . condicion PARENT_C THEN LLAVE_A cuerpo_fun_break LLAVE_C END_IF  (67)

	WHILE  shift 11
	FOR  shift 12
	ID  shift 43
	I32  shift 44
	F32  shift 45
	RESTA  shift 46
	.  error

	condicion  goto 332
	cte  goto 48
	expresion  goto 49
	sentencia_for  goto 50
	sentencia_while  goto 51
	termino  goto 52
	llamado_func  goto 53
	factor  goto 54


state 324
	sentencias_fun_break : BREAK cte .  (64)

	.  reduce 64


state 325
	sentencias_fun_break : CONTINUE tag .  (62)

	.  reduce 62


state 326
	sentencia_while_fun : ID DOSPUNTOS WHILE PARENT_A condicion PARENT_C DOSPUNTOS PARENT_A . asignacion PARENT_C LLAVE_A cuerpo_fun_break LLAVE_C  (51)

	ID  shift 38
	.  error

	asignacion  goto 333


state 327
	sentencia_for_fun : ID DOSPUNTOS FOR PARENT_A encabezado_for PARENT_C LLAVE_A cuerpo_fun_break . LLAVE_C  (53)
	cuerpo_fun_break : cuerpo_fun_break . sentencias_fun_break  (55)

	IF  shift 304
	OUT  shift 8
	RETURN  shift 187
	BREAK  shift 305
	WHEN  shift 188
	WHILE  shift 189
	FOR  shift 190
	CONTINUE  shift 306
	ID  shift 307
	LLAVE_C  shift 334
	.  error

	asignacion  goto 309
	sentencia_out  goto 310
	sentencia_when_fun  goto 311
	sentencia_for_fun  goto 312
	sentencia_while_fun  goto 313
	retorno  goto 314
	sentencias_fun_break  goto 315
	sentencia_if_break_fun  goto 316


state 328
	sentencia_if_break : IF PARENT_A condicion PARENT_C THEN bloque_break_continue ELSE bloque_break_continue END_IF .  (122)

	.  reduce 122


state 329
	sentencia_if_fun : IF PARENT_A condicion PARENT_C THEN LLAVE_A cuerpo_fun LLAVE_C ELSE . LLAVE_A cuerpo_fun LLAVE_C END_IF  (47)

	LLAVE_A  shift 335
	.  error


state 330
	sentencia_if_fun : IF PARENT_A condicion PARENT_C THEN LLAVE_A cuerpo_fun LLAVE_C END_IF .  (48)

	.  reduce 48


state 331
	sentencia_while_fun : WHILE PARENT_A condicion PARENT_C DOSPUNTOS PARENT_A asignacion PARENT_C LLAVE_A . cuerpo_fun_break LLAVE_C  (50)
	cuerpo_fun_break : .  (54)

	.  reduce 54

	cuerpo_fun_break  goto 336


state 332
	sentencia_if_break_fun : IF PARENT_A condicion . PARENT_C THEN LLAVE_A cuerpo_fun_break LLAVE_C ELSE LLAVE_A cuerpo_fun_break LLAVE_C END_IF  (66)
	sentencia_if_break_fun : IF PARENT_A condicion . PARENT_C THEN LLAVE_A cuerpo_fun_break LLAVE_C END_IF  (67)

	PARENT_C  shift 337
	.  error


state 333
	sentencia_while_fun : ID DOSPUNTOS WHILE PARENT_A condicion PARENT_C DOSPUNTOS PARENT_A asignacion . PARENT_C LLAVE_A cuerpo_fun_break LLAVE_C  (51)

	PARENT_C  shift 338
	.  error


state 334
	sentencia_for_fun : ID DOSPUNTOS FOR PARENT_A encabezado_for PARENT_C LLAVE_A cuerpo_fun_break LLAVE_C .  (53)

	.  reduce 53


state 335
	sentencia_if_fun : IF PARENT_A condicion PARENT_C THEN LLAVE_A cuerpo_fun LLAVE_C ELSE LLAVE_A . cuerpo_fun LLAVE_C END_IF  (47)
	cuerpo_fun : .  (35)

	.  reduce 35

	cuerpo_fun  goto 339


state 336
	sentencia_while_fun : WHILE PARENT_A condicion PARENT_C DOSPUNTOS PARENT_A asignacion PARENT_C LLAVE_A cuerpo_fun_break . LLAVE_C  (50)
	cuerpo_fun_break : cuerpo_fun_break . sentencias_fun_break  (55)

	IF  shift 304
	OUT  shift 8
	RETURN  shift 187
	BREAK  shift 305
	WHEN  shift 188
	WHILE  shift 189
	FOR  shift 190
	CONTINUE  shift 306
	ID  shift 307
	LLAVE_C  shift 340
	.  error

	asignacion  goto 309
	sentencia_out  goto 310
	sentencia_when_fun  goto 311
	sentencia_for_fun  goto 312
	sentencia_while_fun  goto 313
	retorno  goto 314
	sentencias_fun_break  goto 315
	sentencia_if_break_fun  goto 316


state 337
	sentencia_if_break_fun : IF PARENT_A condicion PARENT_C . THEN LLAVE_A cuerpo_fun_break LLAVE_C ELSE LLAVE_A cuerpo_fun_break LLAVE_C END_IF  (66)
	sentencia_if_break_fun : IF PARENT_A condicion PARENT_C . THEN LLAVE_A cuerpo_fun_break LLAVE_C END_IF  (67)

	THEN  shift 341
	.  error


state 338
	sentencia_while_fun : ID DOSPUNTOS WHILE PARENT_A condicion PARENT_C DOSPUNTOS PARENT_A asignacion PARENT_C . LLAVE_A cuerpo_fun_break LLAVE_C  (51)

	LLAVE_A  shift 342
	.  error


state 339
	cuerpo_fun : cuerpo_fun . sentencias_fun PUNTOCOMA  (36)
	sentencia_if_fun : IF PARENT_A condicion PARENT_C THEN LLAVE_A cuerpo_fun LLAVE_C ELSE LLAVE_A cuerpo_fun . LLAVE_C END_IF  (47)

	IF  shift 186
	OUT  shift 8
	FUN  shift 9
	RETURN  shift 187
	WHEN  shift 188
	WHILE  shift 189
	FOR  shift 190
	ID  shift 191
	LLAVE_C  shift 343
	CONST  shift 15
	.  error

	sentencia_decl_datos  goto 193
	sentencia_decl_fun  goto 194
	lista_const  goto 195
	sentencias_fun  goto 196
	asignacion  goto 197
	sentencia_if_fun  goto 198
	sentencia_out  goto 199
	sentencia_when_fun  goto 200
	sentencia_for_fun  goto 201
	sentencia_while_fun  goto 202
	retorno  goto 203


state 340
	sentencia_while_fun : WHILE PARENT_A condicion PARENT_C DOSPUNTOS PARENT_A asignacion PARENT_C LLAVE_A cuerpo_fun_break LLAVE_C .  (50)

	.  reduce 50


state 341
	sentencia_if_break_fun : IF PARENT_A condicion PARENT_C THEN . LLAVE_A cuerpo_fun_break LLAVE_C ELSE LLAVE_A cuerpo_fun_break LLAVE_C END_IF  (66)
	sentencia_if_break_fun : IF PARENT_A condicion PARENT_C THEN . LLAVE_A cuerpo_fun_break LLAVE_C END_IF  (67)

	LLAVE_A  shift 344
	.  error


state 342
	sentencia_while_fun : ID DOSPUNTOS WHILE PARENT_A condicion PARENT_C DOSPUNTOS PARENT_A asignacion PARENT_C LLAVE_A . cuerpo_fun_break LLAVE_C  (51)
	cuerpo_fun_break : .  (54)

	.  reduce 54

	cuerpo_fun_break  goto 345


state 343
	sentencia_if_fun : IF PARENT_A condicion PARENT_C THEN LLAVE_A cuerpo_fun LLAVE_C ELSE LLAVE_A cuerpo_fun LLAVE_C . END_IF  (47)

	END_IF  shift 346
	.  error


state 344
	sentencia_if_break_fun : IF PARENT_A condicion PARENT_C THEN LLAVE_A . cuerpo_fun_break LLAVE_C ELSE LLAVE_A cuerpo_fun_break LLAVE_C END_IF  (66)
	sentencia_if_break_fun : IF PARENT_A condicion PARENT_C THEN LLAVE_A . cuerpo_fun_break LLAVE_C END_IF  (67)
	cuerpo_fun_break : .  (54)

	.  reduce 54

	cuerpo_fun_break  goto 347


state 345
	sentencia_while_fun : ID DOSPUNTOS WHILE PARENT_A condicion PARENT_C DOSPUNTOS PARENT_A asignacion PARENT_C LLAVE_A cuerpo_fun_break . LLAVE_C  (51)
	cuerpo_fun_break : cuerpo_fun_break . sentencias_fun_break  (55)

	IF  shift 304
	OUT  shift 8
	RETURN  shift 187
	BREAK  shift 305
	WHEN  shift 188
	WHILE  shift 189
	FOR  shift 190
	CONTINUE  shift 306
	ID  shift 307
	LLAVE_C  shift 348
	.  error

	asignacion  goto 309
	sentencia_out  goto 310
	sentencia_when_fun  goto 311
	sentencia_for_fun  goto 312
	sentencia_while_fun  goto 313
	retorno  goto 314
	sentencias_fun_break  goto 315
	sentencia_if_break_fun  goto 316


state 346
	sentencia_if_fun : IF PARENT_A condicion PARENT_C THEN LLAVE_A cuerpo_fun LLAVE_C ELSE LLAVE_A cuerpo_fun LLAVE_C END_IF .  (47)

	.  reduce 47


state 347
	cuerpo_fun_break : cuerpo_fun_break . sentencias_fun_break  (55)
	sentencia_if_break_fun : IF PARENT_A condicion PARENT_C THEN LLAVE_A cuerpo_fun_break . LLAVE_C ELSE LLAVE_A cuerpo_fun_break LLAVE_C END_IF  (66)
	sentencia_if_break_fun : IF PARENT_A condicion PARENT_C THEN LLAVE_A cuerpo_fun_break . LLAVE_C END_IF  (67)

	IF  shift 304
	OUT  shift 8
	RETURN  shift 187
	BREAK  shift 305
	WHEN  shift 188
	WHILE  shift 189
	FOR  shift 190
	CONTINUE  shift 306
	ID  shift 307
	LLAVE_C  shift 349
	.  error

	asignacion  goto 309
	sentencia_out  goto 310
	sentencia_when_fun  goto 311
	sentencia_for_fun  goto 312
	sentencia_while_fun  goto 313
	retorno  goto 314
	sentencias_fun_break  goto 315
	sentencia_if_break_fun  goto 316


state 348
	sentencia_while_fun : ID DOSPUNTOS WHILE PARENT_A condicion PARENT_C DOSPUNTOS PARENT_A asignacion PARENT_C LLAVE_A cuerpo_fun_break LLAVE_C .  (51)

	.  reduce 51


state 349
	sentencia_if_break_fun : IF PARENT_A condicion PARENT_C THEN LLAVE_A cuerpo_fun_break LLAVE_C . ELSE LLAVE_A cuerpo_fun_break LLAVE_C END_IF  (66)
	sentencia_if_break_fun : IF PARENT_A condicion PARENT_C THEN LLAVE_A cuerpo_fun_break LLAVE_C . END_IF  (67)

	ELSE  shift 350
	END_IF  shift 351
	.  error


state 350
	sentencia_if_break_fun : IF PARENT_A condicion PARENT_C THEN LLAVE_A cuerpo_fun_break LLAVE_C ELSE . LLAVE_A cuerpo_fun_break LLAVE_C END_IF  (66)

	LLAVE_A  shift 352
	.  error


state 351
	sentencia_if_break_fun : IF PARENT_A condicion PARENT_C THEN LLAVE_A cuerpo_fun_break LLAVE_C END_IF .  (67)

	.  reduce 67


state 352
	sentencia_if_break_fun : IF PARENT_A condicion PARENT_C THEN LLAVE_A cuerpo_fun_break LLAVE_C ELSE LLAVE_A . cuerpo_fun_break LLAVE_C END_IF  (66)
	cuerpo_fun_break : .  (54)

	.  reduce 54

	cuerpo_fun_break  goto 353


state 353
	cuerpo_fun_break : cuerpo_fun_break . sentencias_fun_break  (55)
	sentencia_if_break_fun : IF PARENT_A condicion PARENT_C THEN LLAVE_A cuerpo_fun_break LLAVE_C ELSE LLAVE_A cuerpo_fun_break . LLAVE_C END_IF  (66)

	IF  shift 304
	OUT  shift 8
	RETURN  shift 187
	BREAK  shift 305
	WHEN  shift 188
	WHILE  shift 189
	FOR  shift 190
	CONTINUE  shift 306
	ID  shift 307
	LLAVE_C  shift 354
	.  error

	asignacion  goto 309
	sentencia_out  goto 310
	sentencia_when_fun  goto 311
	sentencia_for_fun  goto 312
	sentencia_while_fun  goto 313
	retorno  goto 314
	sentencias_fun_break  goto 315
	sentencia_if_break_fun  goto 316


state 354
	sentencia_if_break_fun : IF PARENT_A condicion PARENT_C THEN LLAVE_A cuerpo_fun_break LLAVE_C ELSE LLAVE_A cuerpo_fun_break LLAVE_C . END_IF  (66)

	END_IF  shift 355
	.  error


state 355
	sentencia_if_break_fun : IF PARENT_A condicion PARENT_C THEN LLAVE_A cuerpo_fun_break LLAVE_C ELSE LLAVE_A cuerpo_fun_break LLAVE_C END_IF .  (66)

	.  reduce 66


41 terminals, 43 nonterminals
134 grammar rules, 356 states
